<?xml version="1.0" encoding="UTF-8" ?>
<testsuite failures="0" time="2.042" errors="1" skipped="0" tests="1" name="j.index.core.security.accountNumber.dao.SecUserDaoTest">
  <properties>
[...]
</properties>
  <testcase time="1.831" classname="j.index.core.security.accountNumber.dao.SecUserDaoTest" name="testCRUD">
    <error message="Failed to load ApplicationContext" type="java.lang.IllegalStateException">java.lang.IllegalStateException: Failed to load ApplicationContext
	at org.springframework.test.context.CacheAwareContextLoaderDelegate.loadContext(CacheAwareContextLoaderDelegate.java:99)
	at org.springframework.test.context.DefaultTestContext.getApplicationContext(DefaultTestContext.java:101)
	at org.springframework.test.context.support.DependencyInjectionTestExecutionListener.injectDependencies(DependencyInjectionTestExecutionListener.java:109)
	at org.springframework.test.context.support.DependencyInjectionTestExecutionListener.prepareTestInstance(DependencyInjectionTestExecutionListener.java:75)
	at org.springframework.test.context.TestContextManager.prepareTestInstance(TestContextManager.java:319)
	at org.springframework.test.context.junit4.SpringJUnit4ClassRunner.createTest(SpringJUnit4ClassRunner.java:212)
	at org.springframework.test.context.junit4.SpringJUnit4ClassRunner$1.runReflectiveCall(SpringJUnit4ClassRunner.java:289)
	at org.junit.internal.runners.model.ReflectiveCallable.run(ReflectiveCallable.java:12)
	at org.springframework.test.context.junit4.SpringJUnit4ClassRunner.methodBlock(SpringJUnit4ClassRunner.java:291)
	at org.springframework.test.context.junit4.SpringJUnit4ClassRunner.runChild(SpringJUnit4ClassRunner.java:232)
	at org.springframework.test.context.junit4.SpringJUnit4ClassRunner.runChild(SpringJUnit4ClassRunner.java:89)
	at org.junit.runners.ParentRunner$3.run(ParentRunner.java:238)
	at org.junit.runners.ParentRunner$1.schedule(ParentRunner.java:63)
	at org.junit.runners.ParentRunner.runChildren(ParentRunner.java:236)
	at org.junit.runners.ParentRunner.access$000(ParentRunner.java:53)
	at org.junit.runners.ParentRunner$2.evaluate(ParentRunner.java:229)
	at org.springframework.test.context.junit4.statements.RunBeforeTestClassCallbacks.evaluate(RunBeforeTestClassCallbacks.java:61)
	at org.springframework.test.context.junit4.statements.RunAfterTestClassCallbacks.evaluate(RunAfterTestClassCallbacks.java:71)
	at org.junit.runners.ParentRunner.run(ParentRunner.java:309)
	at org.springframework.test.context.junit4.SpringJUnit4ClassRunner.run(SpringJUnit4ClassRunner.java:175)
	at org.apache.maven.surefire.junit4.JUnit4TestSet.execute(JUnit4TestSet.java:53)
	at org.apache.maven.surefire.junit4.JUnit4Provider.executeTestSet(JUnit4Provider.java:123)
	at org.apache.maven.surefire.junit4.JUnit4Provider.invoke(JUnit4Provider.java:104)
	at sun.reflect.NativeMethodAccessorImpl.invoke0(Native Method)
	at sun.reflect.NativeMethodAccessorImpl.invoke(Unknown Source)
	at sun.reflect.DelegatingMethodAccessorImpl.invoke(Unknown Source)
	at java.lang.reflect.Method.invoke(Unknown Source)
	at org.apache.maven.surefire.util.ReflectionUtils.invokeMethodWithArray(ReflectionUtils.java:164)
	at org.apache.maven.surefire.booter.ProviderFactory$ProviderProxy.invoke(ProviderFactory.java:110)
	at org.apache.maven.surefire.booter.SurefireStarter.invokeProvider(SurefireStarter.java:175)
	at org.apache.maven.surefire.booter.SurefireStarter.runSuitesInProcessWhenForked(SurefireStarter.java:107)
	at org.apache.maven.surefire.booter.ForkedBooter.main(ForkedBooter.java:68)
Caused by: org.springframework.beans.factory.BeanCreationException: Error creating bean with name &apos;org.springframework.jdbc.datasource.init.DataSourceInitializer#0&apos;: Invocation of init method failed; nested exception is org.springframework.dao.DataAccessResourceFailureException: Failed to execute database script; nested exception is org.springframework.jdbc.CannotGetJdbcConnectionException: Could not get JDBC Connection; nested exception is java.sql.SQLSyntaxErrorException: You have an error in your SQL syntax; check the manual that corresponds to your MariaDB server version for the right syntax to use near &apos;index&apos; at line 1
	at org.springframework.beans.factory.support.AbstractAutowireCapableBeanFactory.initializeBean(AbstractAutowireCapableBeanFactory.java:1553)
	at org.springframework.beans.factory.support.AbstractAutowireCapableBeanFactory.doCreateBean(AbstractAutowireCapableBeanFactory.java:539)
	at org.springframework.beans.factory.support.AbstractAutowireCapableBeanFactory.createBean(AbstractAutowireCapableBeanFactory.java:475)
	at org.springframework.beans.factory.support.AbstractBeanFactory$1.getObject(AbstractBeanFactory.java:304)
	at org.springframework.beans.factory.support.DefaultSingletonBeanRegistry.getSingleton(DefaultSingletonBeanRegistry.java:228)
	at org.springframework.beans.factory.support.AbstractBeanFactory.doGetBean(AbstractBeanFactory.java:300)
	at org.springframework.beans.factory.support.AbstractBeanFactory.getBean(AbstractBeanFactory.java:195)
	at org.springframework.beans.factory.support.DefaultListableBeanFactory.preInstantiateSingletons(DefaultListableBeanFactory.java:700)
	at org.springframework.context.support.AbstractApplicationContext.finishBeanFactoryInitialization(AbstractApplicationContext.java:760)
	at org.springframework.context.support.AbstractApplicationContext.refresh(AbstractApplicationContext.java:482)
	at org.springframework.test.context.support.AbstractGenericContextLoader.loadContext(AbstractGenericContextLoader.java:121)
	at org.springframework.test.context.support.AbstractGenericContextLoader.loadContext(AbstractGenericContextLoader.java:60)
	at org.springframework.test.context.support.AbstractDelegatingSmartContextLoader.delegateLoading(AbstractDelegatingSmartContextLoader.java:100)
	at org.springframework.test.context.support.AbstractDelegatingSmartContextLoader.loadContext(AbstractDelegatingSmartContextLoader.java:250)
	at org.springframework.test.context.CacheAwareContextLoaderDelegate.loadContextInternal(CacheAwareContextLoaderDelegate.java:64)
	at org.springframework.test.context.CacheAwareContextLoaderDelegate.loadContext(CacheAwareContextLoaderDelegate.java:91)
	... 31 more
Caused by: org.springframework.dao.DataAccessResourceFailureException: Failed to execute database script; nested exception is org.springframework.jdbc.CannotGetJdbcConnectionException: Could not get JDBC Connection; nested exception is java.sql.SQLSyntaxErrorException: You have an error in your SQL syntax; check the manual that corresponds to your MariaDB server version for the right syntax to use near &apos;index&apos; at line 1
	at org.springframework.jdbc.datasource.init.DatabasePopulatorUtils.execute(DatabasePopulatorUtils.java:56)
	at org.springframework.jdbc.datasource.init.DataSourceInitializer.afterPropertiesSet(DataSourceInitializer.java:84)
	at org.springframework.beans.factory.support.AbstractAutowireCapableBeanFactory.invokeInitMethods(AbstractAutowireCapableBeanFactory.java:1612)
	at org.springframework.beans.factory.support.AbstractAutowireCapableBeanFactory.initializeBean(AbstractAutowireCapableBeanFactory.java:1549)
	... 46 more
Caused by: org.springframework.jdbc.CannotGetJdbcConnectionException: Could not get JDBC Connection; nested exception is java.sql.SQLSyntaxErrorException: You have an error in your SQL syntax; check the manual that corresponds to your MariaDB server version for the right syntax to use near &apos;index&apos; at line 1
	at org.springframework.jdbc.datasource.DataSourceUtils.getConnection(DataSourceUtils.java:80)
	at org.springframework.jdbc.datasource.init.DatabasePopulatorUtils.execute(DatabasePopulatorUtils.java:45)
	... 49 more
Caused by: java.sql.SQLSyntaxErrorException: You have an error in your SQL syntax; check the manual that corresponds to your MariaDB server version for the right syntax to use near &apos;index&apos; at line 1
	at org.mariadb.jdbc.internal.SQLExceptionMapper.get(SQLExceptionMapper.java:138)
	at org.mariadb.jdbc.internal.SQLExceptionMapper.throwException(SQLExceptionMapper.java:106)
	at org.mariadb.jdbc.Driver.connect(Driver.java:114)
	at org.apache.commons.dbcp.DriverConnectionFactory.createConnection(DriverConnectionFactory.java:82)
	at org.apache.commons.dbcp.PoolableConnectionFactory.makeObject(PoolableConnectionFactory.java:256)
	at org.apache.commons.pool.impl.GenericObjectPool.borrowObject(GenericObjectPool.java:816)
	at org.apache.commons.dbcp.PoolingDataSource.getConnection(PoolingDataSource.java:115)
	at org.apache.commons.dbcp.BasicDataSource.getConnection(BasicDataSource.java:430)
	at org.springframework.jdbc.datasource.DataSourceUtils.doGetConnection(DataSourceUtils.java:111)
	at org.springframework.jdbc.datasource.DataSourceUtils.getConnection(DataSourceUtils.java:77)
	... 50 more
Caused by: org.mariadb.jdbc.internal.common.QueryException: You have an error in your SQL syntax; check the manual that corresponds to your MariaDB server version for the right syntax to use near &apos;index&apos; at line 1
	at org.mariadb.jdbc.internal.mysql.MySQLProtocol.getResult(MySQLProtocol.java:942)
	at org.mariadb.jdbc.internal.mysql.MySQLProtocol.executeQuery(MySQLProtocol.java:991)
	at org.mariadb.jdbc.internal.mysql.MySQLProtocol.executeQuery(MySQLProtocol.java:886)
	at org.mariadb.jdbc.internal.mysql.MySQLProtocol.connect(MySQLProtocol.java:504)
	at org.mariadb.jdbc.internal.mysql.MySQLProtocol.connect(MySQLProtocol.java:673)
	at org.mariadb.jdbc.internal.mysql.MySQLProtocol.&lt;init&gt;(MySQLProtocol.java:266)
	at org.mariadb.jdbc.Driver.connect(Driver.java:110)
	... 57 more
</error>
    <system-out>[2014-10-08 16:08:28,647] DEBUG (SpringJUnit4ClassRunner.java:107).&lt;init&gt; - SpringJUnit4ClassRunner constructor called with [class j.index.core.security.accountNumber.dao.SecUserDaoTest].
[2014-10-08 16:08:28,708] DEBUG (AbstractDelegatingSmartContextLoader.java:89).delegateProcessing - Delegating to GenericXmlContextLoader to process context configuration [ContextConfigurationAttributes@820a0c declaringClass = &apos;j.index.core.GenericTest&apos;, locations = &apos;{classpath:config/spring-context.xml, classpath:config/spring-service.xml, classpath:config/spring-database.xml}&apos;, classes = &apos;{}&apos;, inheritLocations = true, initializers = &apos;{}&apos;, inheritInitializers = true, name = [null], contextLoaderClass = &apos;org.springframework.test.context.ContextLoader&apos;].
[2014-10-08 16:08:28,710] DEBUG (TestContextManager.java:187).retrieveTestExecutionListeners - @TestExecutionListeners is not present for class [class j.index.core.security.accountNumber.dao.SecUserDaoTest]: using defaults.
[2014-10-08 16:08:28,734] DEBUG (ProfileValueUtils.java:70).retrieveProfileValueSource - Retrieved @ProfileValueSourceConfiguration [null] for test class [j.index.core.security.accountNumber.dao.SecUserDaoTest]
[2014-10-08 16:08:28,734] DEBUG (ProfileValueUtils.java:82).retrieveProfileValueSource - Retrieved ProfileValueSource type [class org.springframework.test.annotation.SystemProfileValueSource] for class [j.index.core.security.accountNumber.dao.SecUserDaoTest]
[2014-10-08 16:08:28,735] DEBUG (ProfileValueUtils.java:70).retrieveProfileValueSource - Retrieved @ProfileValueSourceConfiguration [null] for test class [j.index.core.security.accountNumber.dao.SecUserDaoTest]
[2014-10-08 16:08:28,735] DEBUG (ProfileValueUtils.java:82).retrieveProfileValueSource - Retrieved ProfileValueSource type [class org.springframework.test.annotation.SystemProfileValueSource] for class [j.index.core.security.accountNumber.dao.SecUserDaoTest]
[2014-10-08 16:08:28,737] DEBUG (ProfileValueUtils.java:70).retrieveProfileValueSource - Retrieved @ProfileValueSourceConfiguration [null] for test class [j.index.core.security.accountNumber.dao.SecUserDaoTest]
[2014-10-08 16:08:28,738] DEBUG (ProfileValueUtils.java:82).retrieveProfileValueSource - Retrieved ProfileValueSource type [class org.springframework.test.annotation.SystemProfileValueSource] for class [j.index.core.security.accountNumber.dao.SecUserDaoTest]
[2014-10-08 16:08:28,739] DEBUG (DependencyInjectionTestExecutionListener.java:73).prepareTestInstance - Performing dependency injection for test context [[DefaultTestContext@2c502a testClass = SecUserDaoTest, testInstance = j.index.core.security.accountNumber.dao.SecUserDaoTest@1431028, testMethod = [null], testException = [null], mergedContextConfiguration = [MergedContextConfiguration@1d9d7ab testClass = SecUserDaoTest, locations = &apos;{classpath:config/spring-context.xml, classpath:config/spring-service.xml, classpath:config/spring-database.xml}&apos;, classes = &apos;{}&apos;, contextInitializerClasses = &apos;[]&apos;, activeProfiles = &apos;{dev}&apos;, contextLoader = &apos;org.springframework.test.context.support.DelegatingSmartContextLoader&apos;, parent = [null]]]].
[2014-10-08 16:08:28,740] DEBUG (AbstractDelegatingSmartContextLoader.java:98).delegateLoading - Delegating to GenericXmlContextLoader to load context from [MergedContextConfiguration@1d9d7ab testClass = SecUserDaoTest, locations = &apos;{classpath:config/spring-context.xml, classpath:config/spring-service.xml, classpath:config/spring-database.xml}&apos;, classes = &apos;{}&apos;, contextInitializerClasses = &apos;[]&apos;, activeProfiles = &apos;{dev}&apos;, contextLoader = &apos;org.springframework.test.context.support.DelegatingSmartContextLoader&apos;, parent = [null]].
[2014-10-08 16:08:28,740] DEBUG (AbstractGenericContextLoader.java:105).loadContext - Loading ApplicationContext for merged context configuration [[MergedContextConfiguration@1d9d7ab testClass = SecUserDaoTest, locations = &apos;{classpath:config/spring-context.xml, classpath:config/spring-service.xml, classpath:config/spring-database.xml}&apos;, classes = &apos;{}&apos;, contextInitializerClasses = &apos;[]&apos;, activeProfiles = &apos;{dev}&apos;, contextLoader = &apos;org.springframework.test.context.support.DelegatingSmartContextLoader&apos;, parent = [null]]].
[2014-10-08 16:08:28,816] DEBUG (MutablePropertySources.java:110).addLast - Adding [systemProperties] PropertySource with lowest search precedence
[2014-10-08 16:08:28,818] DEBUG (MutablePropertySources.java:110).addLast - Adding [systemEnvironment] PropertySource with lowest search precedence
[2014-10-08 16:08:28,818] DEBUG (AbstractEnvironment.java:126).&lt;init&gt; - Initialized StandardEnvironment with PropertySources [systemProperties,systemEnvironment]
[2014-10-08 16:08:28,830] INFO  (XmlBeanDefinitionReader.java:316).loadBeanDefinitions - Loading XML bean definitions from class path resource [config/spring-context.xml]
[2014-10-08 16:08:28,843] DEBUG (DefaultDocumentLoader.java:73).loadDocument - Using JAXP provider [com.sun.org.apache.xerces.internal.jaxp.DocumentBuilderFactoryImpl]
[2014-10-08 16:08:28,875] DEBUG (PluggableSchemaResolver.java:141).getSchemaMappings - Loading schema mappings from [META-INF/spring.schemas]
[2014-10-08 16:08:28,880] DEBUG (PluggableSchemaResolver.java:147).getSchemaMappings - Loaded schema mappings: {http://www.springframework.org/schema/tx/spring-tx-2.5.xsd=org/springframework/transaction/config/spring-tx-2.5.xsd, http://www.springframework.org/schema/context/spring-context-3.1.xsd=org/springframework/context/config/spring-context-3.1.xsd, http://www.springframework.org/schema/util/spring-util-3.0.xsd=org/springframework/beans/factory/xml/spring-util-3.0.xsd, http://www.springframework.org/schema/tool/spring-tool.xsd=org/springframework/beans/factory/xml/spring-tool-4.0.xsd, http://www.springframework.org/schema/aop/spring-aop-3.2.xsd=org/springframework/aop/config/spring-aop-3.2.xsd, http://www.springframework.org/schema/context/spring-context-4.0.xsd=org/springframework/context/config/spring-context-4.0.xsd, http://www.springframework.org/schema/mvc/spring-mvc-3.2.xsd=org/springframework/web/servlet/config/spring-mvc-3.2.xsd, http://www.springframework.org/schema/oxm/spring-oxm-3.0.xsd=org/springframework/oxm/config/spring-oxm-3.0.xsd, http://www.springframework.org/schema/lang/spring-lang-3.2.xsd=org/springframework/scripting/config/spring-lang-3.2.xsd, http://www.springframework.org/schema/cache/spring-cache-3.2.xsd=org/springframework/cache/config/spring-cache-3.2.xsd, http://www.springframework.org/schema/jdbc/spring-jdbc-3.1.xsd=org/springframework/jdbc/config/spring-jdbc-3.1.xsd, http://www.springframework.org/schema/util/spring-util-2.0.xsd=org/springframework/beans/factory/xml/spring-util-2.0.xsd, http://www.springframework.org/schema/tool/spring-tool-3.2.xsd=org/springframework/beans/factory/xml/spring-tool-3.2.xsd, http://www.springframework.org/schema/context/spring-context.xsd=org/springframework/context/config/spring-context-4.0.xsd, http://www.springframework.org/schema/aop/spring-aop-4.0.xsd=org/springframework/aop/config/spring-aop-4.0.xsd, http://www.springframework.org/schema/jee/spring-jee-3.2.xsd=org/springframework/ejb/config/spring-jee-3.2.xsd, http://www.springframework.org/schema/context/spring-context-3.0.xsd=org/springframework/context/config/spring-context-3.0.xsd, http://www.springframework.org/schema/jdbc/spring-jdbc-4.0.xsd=org/springframework/jdbc/config/spring-jdbc-4.0.xsd, http://www.springframework.org/schema/mvc/spring-mvc-4.0.xsd=org/springframework/web/servlet/config/spring-mvc-4.0.xsd, http://www.springframework.org/schema/util/spring-util-2.5.xsd=org/springframework/beans/factory/xml/spring-util-2.5.xsd, http://www.springframework.org/schema/beans/spring-beans-3.2.xsd=org/springframework/beans/factory/xml/spring-beans-3.2.xsd, http://www.springframework.org/schema/aop/spring-aop-3.1.xsd=org/springframework/aop/config/spring-aop-3.1.xsd, http://www.springframework.org/schema/lang/spring-lang-4.0.xsd=org/springframework/scripting/config/spring-lang-4.0.xsd, http://www.springframework.org/schema/mvc/spring-mvc.xsd=org/springframework/web/servlet/config/spring-mvc-4.0.xsd, http://www.springframework.org/schema/mvc/spring-mvc-3.1.xsd=org/springframework/web/servlet/config/spring-mvc-3.1.xsd, http://www.springframework.org/schema/tool/spring-tool-4.0.xsd=org/springframework/beans/factory/xml/spring-tool-4.0.xsd, http://www.springframework.org/schema/lang/spring-lang-3.1.xsd=org/springframework/scripting/config/spring-lang-3.1.xsd, http://www.springframework.org/schema/tx/spring-tx-3.2.xsd=org/springframework/transaction/config/spring-tx-3.2.xsd, http://www.springframework.org/schema/cache/spring-cache-3.1.xsd=org/springframework/cache/config/spring-cache-3.1.xsd, http://www.springframework.org/schema/jee/spring-jee-4.0.xsd=org/springframework/ejb/config/spring-jee-4.0.xsd, http://www.springframework.org/schema/jdbc/spring-jdbc-3.0.xsd=org/springframework/jdbc/config/spring-jdbc-3.0.xsd, http://www.springframework.org/schema/jdbc/spring-jdbc.xsd=org/springframework/jdbc/config/spring-jdbc-4.0.xsd, http://www.springframework.org/schema/tool/spring-tool-3.1.xsd=org/springframework/beans/factory/xml/spring-tool-3.1.xsd, http://www.springframework.org/schema/cache/spring-cache-4.0.xsd=org/springframework/cache/config/spring-cache-4.0.xsd, http://www.springframework.org/schema/jee/spring-jee-3.1.xsd=org/springframework/ejb/config/spring-jee-3.1.xsd, http://www.springframework.org/schema/task/spring-task-3.2.xsd=org/springframework/scheduling/config/spring-task-3.2.xsd, http://www.springframework.org/schema/beans/spring-beans-3.1.xsd=org/springframework/beans/factory/xml/spring-beans-3.1.xsd, http://www.springframework.org/schema/util/spring-util.xsd=org/springframework/beans/factory/xml/spring-util-4.0.xsd, http://www.springframework.org/schema/aop/spring-aop-3.0.xsd=org/springframework/aop/config/spring-aop-3.0.xsd, http://www.springframework.org/schema/mvc/spring-mvc-3.0.xsd=org/springframework/web/servlet/config/spring-mvc-3.0.xsd, http://www.springframework.org/schema/beans/spring-beans-4.0.xsd=org/springframework/beans/factory/xml/spring-beans-4.0.xsd, http://www.springframework.org/schema/beans/spring-beans.xsd=org/springframework/beans/factory/xml/spring-beans-4.0.xsd, http://www.springframework.org/schema/lang/spring-lang-3.0.xsd=org/springframework/scripting/config/spring-lang-3.0.xsd, http://www.springframework.org/schema/tx/spring-tx-3.1.xsd=org/springframework/transaction/config/spring-tx-3.1.xsd, http://www.springframework.org/schema/context/spring-context-2.5.xsd=org/springframework/context/config/spring-context-2.5.xsd, http://www.springframework.org/schema/task/spring-task-4.0.xsd=org/springframework/scheduling/config/spring-task-4.0.xsd, http://www.springframework.org/schema/tool/spring-tool-3.0.xsd=org/springframework/beans/factory/xml/spring-tool-3.0.xsd, http://www.springframework.org/schema/tx/spring-tx-4.0.xsd=org/springframework/transaction/config/spring-tx-4.0.xsd, http://www.springframework.org/schema/aop/spring-aop-2.0.xsd=org/springframework/aop/config/spring-aop-2.0.xsd, http://www.springframework.org/schema/jee/spring-jee-3.0.xsd=org/springframework/ejb/config/spring-jee-3.0.xsd, http://www.springframework.org/schema/task/spring-task-3.1.xsd=org/springframework/scheduling/config/spring-task-3.1.xsd, http://www.springframework.org/schema/beans/spring-beans-3.0.xsd=org/springframework/beans/factory/xml/spring-beans-3.0.xsd, http://www.springframework.org/schema/jee/spring-jee.xsd=org/springframework/ejb/config/spring-jee-4.0.xsd, http://www.springframework.org/schema/aop/spring-aop-2.5.xsd=org/springframework/aop/config/spring-aop-2.5.xsd, http://www.springframework.org/schema/lang/spring-lang-2.0.xsd=org/springframework/scripting/config/spring-lang-2.0.xsd, http://www.springframework.org/schema/oxm/spring-oxm.xsd=org/springframework/oxm/config/spring-oxm-4.0.xsd, http://www.springframework.org/schema/util/spring-util-3.2.xsd=org/springframework/beans/factory/xml/spring-util-3.2.xsd, http://www.springframework.org/schema/task/spring-task.xsd=org/springframework/scheduling/config/spring-task-4.0.xsd, http://www.springframework.org/schema/tool/spring-tool-2.0.xsd=org/springframework/beans/factory/xml/spring-tool-2.0.xsd, http://www.springframework.org/schema/tx/spring-tx-3.0.xsd=org/springframework/transaction/config/spring-tx-3.0.xsd, http://www.springframework.org/schema/lang/spring-lang-2.5.xsd=org/springframework/scripting/config/spring-lang-2.5.xsd, http://www.springframework.org/schema/jee/spring-jee-2.0.xsd=org/springframework/ejb/config/spring-jee-2.0.xsd, http://www.springframework.org/schema/oxm/spring-oxm-3.2.xsd=org/springframework/oxm/config/spring-oxm-3.2.xsd, http://www.springframework.org/schema/tool/spring-tool-2.5.xsd=org/springframework/beans/factory/xml/spring-tool-2.5.xsd, http://www.springframework.org/schema/jee/spring-jee-2.5.xsd=org/springframework/ejb/config/spring-jee-2.5.xsd, http://www.springframework.org/schema/util/spring-util-4.0.xsd=org/springframework/beans/factory/xml/spring-util-4.0.xsd, http://www.springframework.org/schema/task/spring-task-3.0.xsd=org/springframework/scheduling/config/spring-task-3.0.xsd, http://www.springframework.org/schema/lang/spring-lang.xsd=org/springframework/scripting/config/spring-lang-4.0.xsd, http://www.springframework.org/schema/context/spring-context-3.2.xsd=org/springframework/context/config/spring-context-3.2.xsd, http://www.springframework.org/schema/util/spring-util-3.1.xsd=org/springframework/beans/factory/xml/spring-util-3.1.xsd, http://www.springframework.org/schema/beans/spring-beans-2.0.xsd=org/springframework/beans/factory/xml/spring-beans-2.0.xsd, http://www.springframework.org/schema/oxm/spring-oxm-4.0.xsd=org/springframework/oxm/config/spring-oxm-4.0.xsd, http://www.springframework.org/schema/cache/spring-cache.xsd=org/springframework/cache/config/spring-cache-4.0.xsd, http://www.springframework.org/schema/tx/spring-tx.xsd=org/springframework/transaction/config/spring-tx-4.0.xsd, http://www.springframework.org/schema/beans/spring-beans-2.5.xsd=org/springframework/beans/factory/xml/spring-beans-2.5.xsd, http://www.springframework.org/schema/oxm/spring-oxm-3.1.xsd=org/springframework/oxm/config/spring-oxm-3.1.xsd, http://www.springframework.org/schema/tx/spring-tx-2.0.xsd=org/springframework/transaction/config/spring-tx-2.0.xsd, http://www.springframework.org/schema/jdbc/spring-jdbc-3.2.xsd=org/springframework/jdbc/config/spring-jdbc-3.2.xsd, http://www.springframework.org/schema/aop/spring-aop.xsd=org/springframework/aop/config/spring-aop-4.0.xsd}
[2014-10-08 16:08:28,882] DEBUG (PluggableSchemaResolver.java:119).resolveEntity - Found XML schema [http://www.springframework.org/schema/beans/spring-beans.xsd] in classpath: org/springframework/beans/factory/xml/spring-beans-4.0.xsd
[2014-10-08 16:08:28,936] DEBUG (PluggableSchemaResolver.java:119).resolveEntity - Found XML schema [http://www.springframework.org/schema/context/spring-context.xsd] in classpath: org/springframework/context/config/spring-context-4.0.xsd
[2014-10-08 16:08:28,943] DEBUG (PluggableSchemaResolver.java:119).resolveEntity - Found XML schema [http://www.springframework.org/schema/tool/spring-tool-4.0.xsd] in classpath: org/springframework/beans/factory/xml/spring-tool-4.0.xsd
[2014-10-08 16:08:28,947] DEBUG (PluggableSchemaResolver.java:119).resolveEntity - Found XML schema [http://www.springframework.org/schema/util/spring-util.xsd] in classpath: org/springframework/beans/factory/xml/spring-util-4.0.xsd
[2014-10-08 16:08:28,952] DEBUG (DefaultBeanDefinitionDocumentReader.java:108).registerBeanDefinitions - Loading bean definitions
[2014-10-08 16:08:28,960] DEBUG (DefaultNamespaceHandlerResolver.java:157).getHandlerMappings - Loaded NamespaceHandler mappings: {http://www.springframework.org/schema/p=org.springframework.beans.factory.xml.SimplePropertyNamespaceHandler, http://www.springframework.org/schema/mvc=org.springframework.web.servlet.config.MvcNamespaceHandler, http://www.springframework.org/schema/util=org.springframework.beans.factory.xml.UtilNamespaceHandler, http://www.springframework.org/schema/jee=org.springframework.ejb.config.JeeNamespaceHandler, http://www.springframework.org/schema/aop=org.springframework.aop.config.AopNamespaceHandler, http://www.springframework.org/schema/oxm=org.springframework.oxm.config.OxmNamespaceHandler, http://www.springframework.org/schema/jdbc=org.springframework.jdbc.config.JdbcNamespaceHandler, http://www.springframework.org/schema/cache=org.springframework.cache.config.CacheNamespaceHandler, http://www.springframework.org/schema/c=org.springframework.beans.factory.xml.SimpleConstructorNamespaceHandler, http://www.springframework.org/schema/tx=org.springframework.transaction.config.TxNamespaceHandler, http://www.springframework.org/schema/task=org.springframework.scheduling.config.TaskNamespaceHandler, http://www.springframework.org/schema/lang=org.springframework.scripting.config.LangNamespaceHandler, http://www.springframework.org/schema/context=org.springframework.context.config.ContextNamespaceHandler}
[2014-10-08 16:08:28,990] DEBUG (PathMatchingResourcePatternResolver.java:553).doFindMatchingFileSystemResources - Looking for matching resources in directory tree [C:\JSP\workspace\TMUHJ\target\test-classes\j\index]
[2014-10-08 16:08:28,990] DEBUG (PathMatchingResourcePatternResolver.java:615).doRetrieveMatchingFiles - Searching directory [C:\JSP\workspace\TMUHJ\target\test-classes\j\index] for files matching pattern [C:/JSP/workspace/TMUHJ/target/test-classes/j/index/**/*.class]
[2014-10-08 16:08:28,992] DEBUG (PathMatchingResourcePatternResolver.java:615).doRetrieveMatchingFiles - Searching directory [C:\JSP\workspace\TMUHJ\target\test-classes\j\index\core] for files matching pattern [C:/JSP/workspace/TMUHJ/target/test-classes/j/index/**/*.class]
[2014-10-08 16:08:28,992] DEBUG (PathMatchingResourcePatternResolver.java:615).doRetrieveMatchingFiles - Searching directory [C:\JSP\workspace\TMUHJ\target\test-classes\j\index\core\security] for files matching pattern [C:/JSP/workspace/TMUHJ/target/test-classes/j/index/**/*.class]
[2014-10-08 16:08:28,993] DEBUG (PathMatchingResourcePatternResolver.java:615).doRetrieveMatchingFiles - Searching directory [C:\JSP\workspace\TMUHJ\target\test-classes\j\index\core\security\accountNumber] for files matching pattern [C:/JSP/workspace/TMUHJ/target/test-classes/j/index/**/*.class]
[2014-10-08 16:08:28,993] DEBUG (PathMatchingResourcePatternResolver.java:615).doRetrieveMatchingFiles - Searching directory [C:\JSP\workspace\TMUHJ\target\test-classes\j\index\core\security\accountNumber\dao] for files matching pattern [C:/JSP/workspace/TMUHJ/target/test-classes/j/index/**/*.class]
[2014-10-08 16:08:28,993] DEBUG (PathMatchingResourcePatternResolver.java:615).doRetrieveMatchingFiles - Searching directory [C:\JSP\workspace\TMUHJ\target\test-classes\j\index\core\security\accountNumber\service] for files matching pattern [C:/JSP/workspace/TMUHJ/target/test-classes/j/index/**/*.class]
[2014-10-08 16:08:28,994] DEBUG (PathMatchingResourcePatternResolver.java:615).doRetrieveMatchingFiles - Searching directory [C:\JSP\workspace\TMUHJ\target\test-classes\j\index\core\util] for files matching pattern [C:/JSP/workspace/TMUHJ/target/test-classes/j/index/**/*.class]
[2014-10-08 16:08:28,995] DEBUG (PathMatchingResourcePatternResolver.java:553).doFindMatchingFileSystemResources - Looking for matching resources in directory tree [C:\JSP\workspace\TMUHJ\target\classes\j\index]
[2014-10-08 16:08:28,995] DEBUG (PathMatchingResourcePatternResolver.java:615).doRetrieveMatchingFiles - Searching directory [C:\JSP\workspace\TMUHJ\target\classes\j\index] for files matching pattern [C:/JSP/workspace/TMUHJ/target/classes/j/index/**/*.class]
[2014-10-08 16:08:28,996] DEBUG (PathMatchingResourcePatternResolver.java:615).doRetrieveMatchingFiles - Searching directory [C:\JSP\workspace\TMUHJ\target\classes\j\index\core] for files matching pattern [C:/JSP/workspace/TMUHJ/target/classes/j/index/**/*.class]
[2014-10-08 16:08:28,996] DEBUG (PathMatchingResourcePatternResolver.java:615).doRetrieveMatchingFiles - Searching directory [C:\JSP\workspace\TMUHJ\target\classes\j\index\core\converter] for files matching pattern [C:/JSP/workspace/TMUHJ/target/classes/j/index/**/*.class]
[2014-10-08 16:08:28,997] DEBUG (PathMatchingResourcePatternResolver.java:615).doRetrieveMatchingFiles - Searching directory [C:\JSP\workspace\TMUHJ\target\classes\j\index\core\dao] for files matching pattern [C:/JSP/workspace/TMUHJ/target/classes/j/index/**/*.class]
[2014-10-08 16:08:28,998] DEBUG (PathMatchingResourcePatternResolver.java:615).doRetrieveMatchingFiles - Searching directory [C:\JSP\workspace\TMUHJ\target\classes\j\index\core\entity] for files matching pattern [C:/JSP/workspace/TMUHJ/target/classes/j/index/**/*.class]
[2014-10-08 16:08:28,998] DEBUG (PathMatchingResourcePatternResolver.java:615).doRetrieveMatchingFiles - Searching directory [C:\JSP\workspace\TMUHJ\target\classes\j\index\core\enums] for files matching pattern [C:/JSP/workspace/TMUHJ/target/classes/j/index/**/*.class]
[2014-10-08 16:08:28,999] DEBUG (PathMatchingResourcePatternResolver.java:615).doRetrieveMatchingFiles - Searching directory [C:\JSP\workspace\TMUHJ\target\classes\j\index\core\exception] for files matching pattern [C:/JSP/workspace/TMUHJ/target/classes/j/index/**/*.class]
[2014-10-08 16:08:28,999] DEBUG (PathMatchingResourcePatternResolver.java:615).doRetrieveMatchingFiles - Searching directory [C:\JSP\workspace\TMUHJ\target\classes\j\index\core\interceptor] for files matching pattern [C:/JSP/workspace/TMUHJ/target/classes/j/index/**/*.class]
[2014-10-08 16:08:28,999] DEBUG (PathMatchingResourcePatternResolver.java:615).doRetrieveMatchingFiles - Searching directory [C:\JSP\workspace\TMUHJ\target\classes\j\index\core\model] for files matching pattern [C:/JSP/workspace/TMUHJ/target/classes/j/index/**/*.class]
[2014-10-08 16:08:29,000] DEBUG (PathMatchingResourcePatternResolver.java:615).doRetrieveMatchingFiles - Searching directory [C:\JSP\workspace\TMUHJ\target\classes\j\index\core\security] for files matching pattern [C:/JSP/workspace/TMUHJ/target/classes/j/index/**/*.class]
[2014-10-08 16:08:29,000] DEBUG (PathMatchingResourcePatternResolver.java:615).doRetrieveMatchingFiles - Searching directory [C:\JSP\workspace\TMUHJ\target\classes\j\index\core\security\accountNumber] for files matching pattern [C:/JSP/workspace/TMUHJ/target/classes/j/index/**/*.class]
[2014-10-08 16:08:29,001] DEBUG (PathMatchingResourcePatternResolver.java:615).doRetrieveMatchingFiles - Searching directory [C:\JSP\workspace\TMUHJ\target\classes\j\index\core\security\accountNumber\entity] for files matching pattern [C:/JSP/workspace/TMUHJ/target/classes/j/index/**/*.class]
[2014-10-08 16:08:29,001] DEBUG (PathMatchingResourcePatternResolver.java:615).doRetrieveMatchingFiles - Searching directory [C:\JSP\workspace\TMUHJ\target\classes\j\index\core\security\accountNumber\service] for files matching pattern [C:/JSP/workspace/TMUHJ/target/classes/j/index/**/*.class]
[2014-10-08 16:08:29,002] DEBUG (PathMatchingResourcePatternResolver.java:615).doRetrieveMatchingFiles - Searching directory [C:\JSP\workspace\TMUHJ\target\classes\j\index\core\service] for files matching pattern [C:/JSP/workspace/TMUHJ/target/classes/j/index/**/*.class]
[2014-10-08 16:08:29,002] DEBUG (PathMatchingResourcePatternResolver.java:615).doRetrieveMatchingFiles - Searching directory [C:\JSP\workspace\TMUHJ\target\classes\j\index\core\tag] for files matching pattern [C:/JSP/workspace/TMUHJ/target/classes/j/index/**/*.class]
[2014-10-08 16:08:29,002] DEBUG (PathMatchingResourcePatternResolver.java:615).doRetrieveMatchingFiles - Searching directory [C:\JSP\workspace\TMUHJ\target\classes\j\index\core\util] for files matching pattern [C:/JSP/workspace/TMUHJ/target/classes/j/index/**/*.class]
[2014-10-08 16:08:29,003] DEBUG (PathMatchingResourcePatternResolver.java:615).doRetrieveMatchingFiles - Searching directory [C:\JSP\workspace\TMUHJ\target\classes\j\index\core\web] for files matching pattern [C:/JSP/workspace/TMUHJ/target/classes/j/index/**/*.class]
[2014-10-08 16:08:29,004] DEBUG (PathMatchingResourcePatternResolver.java:615).doRetrieveMatchingFiles - Searching directory [C:\JSP\workspace\TMUHJ\target\classes\j\index\module] for files matching pattern [C:/JSP/workspace/TMUHJ/target/classes/j/index/**/*.class]
[2014-10-08 16:08:29,004] DEBUG (PathMatchingResourcePatternResolver.java:615).doRetrieveMatchingFiles - Searching directory [C:\JSP\workspace\TMUHJ\target\classes\j\index\module\commons] for files matching pattern [C:/JSP/workspace/TMUHJ/target/classes/j/index/**/*.class]
[2014-10-08 16:08:29,004] DEBUG (PathMatchingResourcePatternResolver.java:615).doRetrieveMatchingFiles - Searching directory [C:\JSP\workspace\TMUHJ\target\classes\j\index\module\commons\dao] for files matching pattern [C:/JSP/workspace/TMUHJ/target/classes/j/index/**/*.class]
[2014-10-08 16:08:29,005] DEBUG (PathMatchingResourcePatternResolver.java:615).doRetrieveMatchingFiles - Searching directory [C:\JSP\workspace\TMUHJ\target\classes\j\index\module\commons\web] for files matching pattern [C:/JSP/workspace/TMUHJ/target/classes/j/index/**/*.class]
[2014-10-08 16:08:29,005] DEBUG (PathMatchingResourcePatternResolver.java:615).doRetrieveMatchingFiles - Searching directory [C:\JSP\workspace\TMUHJ\target\classes\j\index\module\security] for files matching pattern [C:/JSP/workspace/TMUHJ/target/classes/j/index/**/*.class]
[2014-10-08 16:08:29,005] DEBUG (PathMatchingResourcePatternResolver.java:615).doRetrieveMatchingFiles - Searching directory [C:\JSP\workspace\TMUHJ\target\classes\j\index\module\security\web] for files matching pattern [C:/JSP/workspace/TMUHJ/target/classes/j/index/**/*.class]
[2014-10-08 16:08:29,006] DEBUG (PathMatchingResourcePatternResolver.java:615).doRetrieveMatchingFiles - Searching directory [C:\JSP\workspace\TMUHJ\target\classes\j\index\module\setting] for files matching pattern [C:/JSP/workspace/TMUHJ/target/classes/j/index/**/*.class]
[2014-10-08 16:08:29,006] DEBUG (PathMatchingResourcePatternResolver.java:615).doRetrieveMatchingFiles - Searching directory [C:\JSP\workspace\TMUHJ\target\classes\j\index\module\setting\customer] for files matching pattern [C:/JSP/workspace/TMUHJ/target/classes/j/index/**/*.class]
[2014-10-08 16:08:29,007] DEBUG (PathMatchingResourcePatternResolver.java:615).doRetrieveMatchingFiles - Searching directory [C:\JSP\workspace\TMUHJ\target\classes\j\index\module\setting\customer\entity] for files matching pattern [C:/JSP/workspace/TMUHJ/target/classes/j/index/**/*.class]
[2014-10-08 16:08:29,007] DEBUG (PathMatchingResourcePatternResolver.java:615).doRetrieveMatchingFiles - Searching directory [C:\JSP\workspace\TMUHJ\target\classes\j\index\module\setting\customer\service] for files matching pattern [C:/JSP/workspace/TMUHJ/target/classes/j/index/**/*.class]
[2014-10-08 16:08:29,007] DEBUG (PathMatchingResourcePatternResolver.java:615).doRetrieveMatchingFiles - Searching directory [C:\JSP\workspace\TMUHJ\target\classes\j\index\module\setting\database] for files matching pattern [C:/JSP/workspace/TMUHJ/target/classes/j/index/**/*.class]
[2014-10-08 16:08:29,008] DEBUG (PathMatchingResourcePatternResolver.java:615).doRetrieveMatchingFiles - Searching directory [C:\JSP\workspace\TMUHJ\target\classes\j\index\module\setting\database\entity] for files matching pattern [C:/JSP/workspace/TMUHJ/target/classes/j/index/**/*.class]
[2014-10-08 16:08:29,008] DEBUG (PathMatchingResourcePatternResolver.java:615).doRetrieveMatchingFiles - Searching directory [C:\JSP\workspace\TMUHJ\target\classes\j\index\module\setting\database\service] for files matching pattern [C:/JSP/workspace/TMUHJ/target/classes/j/index/**/*.class]
[2014-10-08 16:08:29,009] DEBUG (PathMatchingResourcePatternResolver.java:615).doRetrieveMatchingFiles - Searching directory [C:\JSP\workspace\TMUHJ\target\classes\j\index\module\setting\ebook] for files matching pattern [C:/JSP/workspace/TMUHJ/target/classes/j/index/**/*.class]
[2014-10-08 16:08:29,009] DEBUG (PathMatchingResourcePatternResolver.java:615).doRetrieveMatchingFiles - Searching directory [C:\JSP\workspace\TMUHJ\target\classes\j\index\module\setting\ebook\entity] for files matching pattern [C:/JSP/workspace/TMUHJ/target/classes/j/index/**/*.class]
[2014-10-08 16:08:29,009] DEBUG (PathMatchingResourcePatternResolver.java:615).doRetrieveMatchingFiles - Searching directory [C:\JSP\workspace\TMUHJ\target\classes\j\index\module\setting\ebook\service] for files matching pattern [C:/JSP/workspace/TMUHJ/target/classes/j/index/**/*.class]
[2014-10-08 16:08:29,010] DEBUG (PathMatchingResourcePatternResolver.java:615).doRetrieveMatchingFiles - Searching directory [C:\JSP\workspace\TMUHJ\target\classes\j\index\module\setting\journal] for files matching pattern [C:/JSP/workspace/TMUHJ/target/classes/j/index/**/*.class]
[2014-10-08 16:08:29,010] DEBUG (PathMatchingResourcePatternResolver.java:615).doRetrieveMatchingFiles - Searching directory [C:\JSP\workspace\TMUHJ\target\classes\j\index\module\setting\journal\entity] for files matching pattern [C:/JSP/workspace/TMUHJ/target/classes/j/index/**/*.class]
[2014-10-08 16:08:29,011] DEBUG (PathMatchingResourcePatternResolver.java:615).doRetrieveMatchingFiles - Searching directory [C:\JSP\workspace\TMUHJ\target\classes\j\index\module\setting\journal\service] for files matching pattern [C:/JSP/workspace/TMUHJ/target/classes/j/index/**/*.class]
[2014-10-08 16:08:29,011] DEBUG (PathMatchingResourcePatternResolver.java:615).doRetrieveMatchingFiles - Searching directory [C:\JSP\workspace\TMUHJ\target\classes\j\index\module\setting\search] for files matching pattern [C:/JSP/workspace/TMUHJ/target/classes/j/index/**/*.class]
[2014-10-08 16:08:29,012] DEBUG (PathMatchingResourcePatternResolver.java:615).doRetrieveMatchingFiles - Searching directory [C:\JSP\workspace\TMUHJ\target\classes\j\index\module\setting\search\entity] for files matching pattern [C:/JSP/workspace/TMUHJ/target/classes/j/index/**/*.class]
[2014-10-08 16:08:29,012] DEBUG (PathMatchingResourcePatternResolver.java:615).doRetrieveMatchingFiles - Searching directory [C:\JSP\workspace\TMUHJ\target\classes\j\index\module\setting\search\service] for files matching pattern [C:/JSP/workspace/TMUHJ/target/classes/j/index/**/*.class]
[2014-10-08 16:08:29,014] DEBUG (PathMatchingResourcePatternResolver.java:354).findPathMatchingResources - Resolved location pattern [classpath*:j/index/**/*.class] to resources [file [C:\JSP\workspace\TMUHJ\target\test-classes\j\index\core\GenericTest.class], file [C:\JSP\workspace\TMUHJ\target\test-classes\j\index\core\JUnit4ClassRunner.class], file [C:\JSP\workspace\TMUHJ\target\test-classes\j\index\core\security\accountNumber\dao\SecUserDaoTest.class], file [C:\JSP\workspace\TMUHJ\target\test-classes\j\index\core\security\accountNumber\service\SecUserServiceTest.class], file [C:\JSP\workspace\TMUHJ\target\test-classes\j\index\core\util\EncryptorUtilTest.class], file [C:\JSP\workspace\TMUHJ\target\classes\j\index\core\converter\JodaTimeConverter.class], file [C:\JSP\workspace\TMUHJ\target\classes\j\index\core\dao\Dao.class], file [C:\JSP\workspace\TMUHJ\target\classes\j\index\core\dao\GenericDao.class], file [C:\JSP\workspace\TMUHJ\target\classes\j\index\core\dao\GenericHibernateDao.class], file [C:\JSP\workspace\TMUHJ\target\classes\j\index\core\dao\HibernateQueryLanguage.class], file [C:\JSP\workspace\TMUHJ\target\classes\j\index\core\dao\HibernateRestrictions.class], file [C:\JSP\workspace\TMUHJ\target\classes\j\index\core\dao\IiiQueryLanguage.class], file [C:\JSP\workspace\TMUHJ\target\classes\j\index\core\dao\IiiRestrictions.class], file [C:\JSP\workspace\TMUHJ\target\classes\j\index\core\entity\Entity.class], file [C:\JSP\workspace\TMUHJ\target\classes\j\index\core\entity\GenericEntity.class], file [C:\JSP\workspace\TMUHJ\target\classes\j\index\core\enums\Role.class], file [C:\JSP\workspace\TMUHJ\target\classes\j\index\core\enums\Status.class], file [C:\JSP\workspace\TMUHJ\target\classes\j\index\core\exception\BaseException.class], file [C:\JSP\workspace\TMUHJ\target\classes\j\index\core\interceptor\LoginSessionInterceptor.class], file [C:\JSP\workspace\TMUHJ\target\classes\j\index\core\model\DataSet.class], file [C:\JSP\workspace\TMUHJ\target\classes\j\index\core\model\FormModel.class], file [C:\JSP\workspace\TMUHJ\target\classes\j\index\core\model\Pager.class], file [C:\JSP\workspace\TMUHJ\target\classes\j\index\core\security\accountNumber\entity\AccountNumber.class], file [C:\JSP\workspace\TMUHJ\target\classes\j\index\core\security\accountNumber\entity\AccountNumberDao.class], file [C:\JSP\workspace\TMUHJ\target\classes\j\index\core\security\accountNumber\service\AccountNumberAction.class], file [C:\JSP\workspace\TMUHJ\target\classes\j\index\core\security\accountNumber\service\AccountNumberService.class], file [C:\JSP\workspace\TMUHJ\target\classes\j\index\core\service\CRUDService.class], file [C:\JSP\workspace\TMUHJ\target\classes\j\index\core\service\GenericService.class], file [C:\JSP\workspace\TMUHJ\target\classes\j\index\core\service\Service.class], file [C:\JSP\workspace\TMUHJ\target\classes\j\index\core\tag\BodyTag.class], file [C:\JSP\workspace\TMUHJ\target\classes\j\index\core\util\CharConstant.class], file [C:\JSP\workspace\TMUHJ\target\classes\j\index\core\util\EncryptorUtil.class], file [C:\JSP\workspace\TMUHJ\target\classes\j\index\core\util\IiiBeanFactory.class], file [C:\JSP\workspace\TMUHJ\target\classes\j\index\core\web\Action.class], file [C:\JSP\workspace\TMUHJ\target\classes\j\index\core\web\GenericAction.class], file [C:\JSP\workspace\TMUHJ\target\classes\j\index\core\web\GenericCRUDAction.class], file [C:\JSP\workspace\TMUHJ\target\classes\j\index\core\web\GenericWebAction.class], file [C:\JSP\workspace\TMUHJ\target\classes\j\index\module\commons\dao\ModuleDao.class], file [C:\JSP\workspace\TMUHJ\target\classes\j\index\module\commons\web\CommonPageAction.class], file [C:\JSP\workspace\TMUHJ\target\classes\j\index\module\security\web\AuthorizationAction.class], file [C:\JSP\workspace\TMUHJ\target\classes\j\index\module\setting\customer\entity\Customer.class], file [C:\JSP\workspace\TMUHJ\target\classes\j\index\module\setting\customer\entity\CustomerDao.class], file [C:\JSP\workspace\TMUHJ\target\classes\j\index\module\setting\customer\service\CustomerAction.class], file [C:\JSP\workspace\TMUHJ\target\classes\j\index\module\setting\customer\service\CustomerService.class], file [C:\JSP\workspace\TMUHJ\target\classes\j\index\module\setting\database\entity\Database.class], file [C:\JSP\workspace\TMUHJ\target\classes\j\index\module\setting\database\entity\DatabaseDao.class], file [C:\JSP\workspace\TMUHJ\target\classes\j\index\module\setting\database\service\DatabaseAction.class], file [C:\JSP\workspace\TMUHJ\target\classes\j\index\module\setting\database\service\DatabaseService.class], file [C:\JSP\workspace\TMUHJ\target\classes\j\index\module\setting\ebook\entity\Ebook.class], file [C:\JSP\workspace\TMUHJ\target\classes\j\index\module\setting\ebook\entity\EbookDao.class], file [C:\JSP\workspace\TMUHJ\target\classes\j\index\module\setting\ebook\service\EbookAction.class], file [C:\JSP\workspace\TMUHJ\target\classes\j\index\module\setting\ebook\service\EbookService.class], file [C:\JSP\workspace\TMUHJ\target\classes\j\index\module\setting\ebook\service\test.class], file [C:\JSP\workspace\TMUHJ\target\classes\j\index\module\setting\journal\entity\Journal.class], file [C:\JSP\workspace\TMUHJ\target\classes\j\index\module\setting\journal\entity\JournalDao.class], file [C:\JSP\workspace\TMUHJ\target\classes\j\index\module\setting\journal\service\JournalAction.class], file [C:\JSP\workspace\TMUHJ\target\classes\j\index\module\setting\journal\service\JournalService.class], file [C:\JSP\workspace\TMUHJ\target\classes\j\index\module\setting\search\entity\Search.class], file [C:\JSP\workspace\TMUHJ\target\classes\j\index\module\setting\search\entity\SearchDao.class], file [C:\JSP\workspace\TMUHJ\target\classes\j\index\module\setting\search\service\SearchAction.class], file [C:\JSP\workspace\TMUHJ\target\classes\j\index\module\setting\search\service\SearchService.class]]
[2014-10-08 16:08:29,053] DEBUG (ClassPathScanningCandidateComponentProvider.java:284).findCandidateComponents - Identified candidate component class: file [C:\JSP\workspace\TMUHJ\target\classes\j\index\core\model\DataSet.class]
[2014-10-08 16:08:29,054] DEBUG (ClassPathScanningCandidateComponentProvider.java:284).findCandidateComponents - Identified candidate component class: file [C:\JSP\workspace\TMUHJ\target\classes\j\index\core\model\Pager.class]
[2014-10-08 16:08:29,056] DEBUG (ClassPathScanningCandidateComponentProvider.java:284).findCandidateComponents - Identified candidate component class: file [C:\JSP\workspace\TMUHJ\target\classes\j\index\core\security\accountNumber\entity\AccountNumber.class]
[2014-10-08 16:08:29,058] DEBUG (ClassPathScanningCandidateComponentProvider.java:284).findCandidateComponents - Identified candidate component class: file [C:\JSP\workspace\TMUHJ\target\classes\j\index\core\security\accountNumber\entity\AccountNumberDao.class]
[2014-10-08 16:08:29,059] DEBUG (ClassPathScanningCandidateComponentProvider.java:284).findCandidateComponents - Identified candidate component class: file [C:\JSP\workspace\TMUHJ\target\classes\j\index\core\security\accountNumber\service\AccountNumberAction.class]
[2014-10-08 16:08:29,061] DEBUG (ClassPathScanningCandidateComponentProvider.java:284).findCandidateComponents - Identified candidate component class: file [C:\JSP\workspace\TMUHJ\target\classes\j\index\core\security\accountNumber\service\AccountNumberService.class]
[2014-10-08 16:08:29,064] DEBUG (ClassPathScanningCandidateComponentProvider.java:284).findCandidateComponents - Identified candidate component class: file [C:\JSP\workspace\TMUHJ\target\classes\j\index\module\commons\web\CommonPageAction.class]
[2014-10-08 16:08:29,065] DEBUG (ClassPathScanningCandidateComponentProvider.java:284).findCandidateComponents - Identified candidate component class: file [C:\JSP\workspace\TMUHJ\target\classes\j\index\module\security\web\AuthorizationAction.class]
[2014-10-08 16:08:29,065] DEBUG (ClassPathScanningCandidateComponentProvider.java:284).findCandidateComponents - Identified candidate component class: file [C:\JSP\workspace\TMUHJ\target\classes\j\index\module\setting\customer\entity\Customer.class]
[2014-10-08 16:08:29,066] DEBUG (ClassPathScanningCandidateComponentProvider.java:284).findCandidateComponents - Identified candidate component class: file [C:\JSP\workspace\TMUHJ\target\classes\j\index\module\setting\customer\entity\CustomerDao.class]
[2014-10-08 16:08:29,066] DEBUG (ClassPathScanningCandidateComponentProvider.java:284).findCandidateComponents - Identified candidate component class: file [C:\JSP\workspace\TMUHJ\target\classes\j\index\module\setting\customer\service\CustomerAction.class]
[2014-10-08 16:08:29,067] DEBUG (ClassPathScanningCandidateComponentProvider.java:284).findCandidateComponents - Identified candidate component class: file [C:\JSP\workspace\TMUHJ\target\classes\j\index\module\setting\customer\service\CustomerService.class]
[2014-10-08 16:08:29,068] DEBUG (ClassPathScanningCandidateComponentProvider.java:284).findCandidateComponents - Identified candidate component class: file [C:\JSP\workspace\TMUHJ\target\classes\j\index\module\setting\database\entity\Database.class]
[2014-10-08 16:08:29,068] DEBUG (ClassPathScanningCandidateComponentProvider.java:284).findCandidateComponents - Identified candidate component class: file [C:\JSP\workspace\TMUHJ\target\classes\j\index\module\setting\database\entity\DatabaseDao.class]
[2014-10-08 16:08:29,069] DEBUG (ClassPathScanningCandidateComponentProvider.java:284).findCandidateComponents - Identified candidate component class: file [C:\JSP\workspace\TMUHJ\target\classes\j\index\module\setting\database\service\DatabaseAction.class]
[2014-10-08 16:08:29,069] DEBUG (ClassPathScanningCandidateComponentProvider.java:284).findCandidateComponents - Identified candidate component class: file [C:\JSP\workspace\TMUHJ\target\classes\j\index\module\setting\database\service\DatabaseService.class]
[2014-10-08 16:08:29,070] DEBUG (ClassPathScanningCandidateComponentProvider.java:284).findCandidateComponents - Identified candidate component class: file [C:\JSP\workspace\TMUHJ\target\classes\j\index\module\setting\ebook\entity\Ebook.class]
[2014-10-08 16:08:29,070] DEBUG (ClassPathScanningCandidateComponentProvider.java:284).findCandidateComponents - Identified candidate component class: file [C:\JSP\workspace\TMUHJ\target\classes\j\index\module\setting\ebook\entity\EbookDao.class]
[2014-10-08 16:08:29,071] DEBUG (ClassPathScanningCandidateComponentProvider.java:284).findCandidateComponents - Identified candidate component class: file [C:\JSP\workspace\TMUHJ\target\classes\j\index\module\setting\ebook\service\EbookAction.class]
[2014-10-08 16:08:29,071] DEBUG (ClassPathScanningCandidateComponentProvider.java:284).findCandidateComponents - Identified candidate component class: file [C:\JSP\workspace\TMUHJ\target\classes\j\index\module\setting\ebook\service\EbookService.class]
[2014-10-08 16:08:29,072] DEBUG (ClassPathScanningCandidateComponentProvider.java:284).findCandidateComponents - Identified candidate component class: file [C:\JSP\workspace\TMUHJ\target\classes\j\index\module\setting\journal\entity\Journal.class]
[2014-10-08 16:08:29,073] DEBUG (ClassPathScanningCandidateComponentProvider.java:284).findCandidateComponents - Identified candidate component class: file [C:\JSP\workspace\TMUHJ\target\classes\j\index\module\setting\journal\entity\JournalDao.class]
[2014-10-08 16:08:29,073] DEBUG (ClassPathScanningCandidateComponentProvider.java:284).findCandidateComponents - Identified candidate component class: file [C:\JSP\workspace\TMUHJ\target\classes\j\index\module\setting\journal\service\JournalAction.class]
[2014-10-08 16:08:29,076] DEBUG (ClassPathScanningCandidateComponentProvider.java:284).findCandidateComponents - Identified candidate component class: file [C:\JSP\workspace\TMUHJ\target\classes\j\index\module\setting\journal\service\JournalService.class]
[2014-10-08 16:08:29,077] DEBUG (ClassPathScanningCandidateComponentProvider.java:284).findCandidateComponents - Identified candidate component class: file [C:\JSP\workspace\TMUHJ\target\classes\j\index\module\setting\search\entity\Search.class]
[2014-10-08 16:08:29,077] DEBUG (ClassPathScanningCandidateComponentProvider.java:284).findCandidateComponents - Identified candidate component class: file [C:\JSP\workspace\TMUHJ\target\classes\j\index\module\setting\search\entity\SearchDao.class]
[2014-10-08 16:08:29,078] DEBUG (ClassPathScanningCandidateComponentProvider.java:284).findCandidateComponents - Identified candidate component class: file [C:\JSP\workspace\TMUHJ\target\classes\j\index\module\setting\search\service\SearchAction.class]
[2014-10-08 16:08:29,078] DEBUG (ClassPathScanningCandidateComponentProvider.java:284).findCandidateComponents - Identified candidate component class: file [C:\JSP\workspace\TMUHJ\target\classes\j\index\module\setting\search\service\SearchService.class]
[2014-10-08 16:08:29,089] DEBUG (AbstractBeanDefinitionReader.java:223).loadBeanDefinitions - Loaded 35 bean definitions from location pattern [classpath:config/spring-context.xml]
[2014-10-08 16:08:29,089] INFO  (XmlBeanDefinitionReader.java:316).loadBeanDefinitions - Loading XML bean definitions from class path resource [config/spring-service.xml]
[2014-10-08 16:08:29,091] DEBUG (DefaultDocumentLoader.java:73).loadDocument - Using JAXP provider [com.sun.org.apache.xerces.internal.jaxp.DocumentBuilderFactoryImpl]
[2014-10-08 16:08:29,092] DEBUG (PluggableSchemaResolver.java:119).resolveEntity - Found XML schema [http://www.springframework.org/schema/beans/spring-beans.xsd] in classpath: org/springframework/beans/factory/xml/spring-beans-4.0.xsd
[2014-10-08 16:08:29,101] DEBUG (PluggableSchemaResolver.java:119).resolveEntity - Found XML schema [http://www.springframework.org/schema/context/spring-context.xsd] in classpath: org/springframework/context/config/spring-context-4.0.xsd
[2014-10-08 16:08:29,104] DEBUG (PluggableSchemaResolver.java:119).resolveEntity - Found XML schema [http://www.springframework.org/schema/tool/spring-tool-4.0.xsd] in classpath: org/springframework/beans/factory/xml/spring-tool-4.0.xsd
[2014-10-08 16:08:29,107] DEBUG (PluggableSchemaResolver.java:119).resolveEntity - Found XML schema [http://www.springframework.org/schema/aop/spring-aop.xsd] in classpath: org/springframework/aop/config/spring-aop-4.0.xsd
[2014-10-08 16:08:29,111] DEBUG (PluggableSchemaResolver.java:119).resolveEntity - Found XML schema [http://www.springframework.org/schema/tx/spring-tx.xsd] in classpath: org/springframework/transaction/config/spring-tx-4.0.xsd
[2014-10-08 16:08:29,114] DEBUG (DefaultBeanDefinitionDocumentReader.java:108).registerBeanDefinitions - Loading bean definitions
[2014-10-08 16:08:29,115] DEBUG (PathMatchingResourcePatternResolver.java:553).doFindMatchingFileSystemResources - Looking for matching resources in directory tree [C:\JSP\workspace\TMUHJ\target\test-classes\j\index]
[2014-10-08 16:08:29,115] DEBUG (PathMatchingResourcePatternResolver.java:615).doRetrieveMatchingFiles - Searching directory [C:\JSP\workspace\TMUHJ\target\test-classes\j\index] for files matching pattern [C:/JSP/workspace/TMUHJ/target/test-classes/j/index/**/*.class]
[2014-10-08 16:08:29,116] DEBUG (PathMatchingResourcePatternResolver.java:615).doRetrieveMatchingFiles - Searching directory [C:\JSP\workspace\TMUHJ\target\test-classes\j\index\core] for files matching pattern [C:/JSP/workspace/TMUHJ/target/test-classes/j/index/**/*.class]
[2014-10-08 16:08:29,116] DEBUG (PathMatchingResourcePatternResolver.java:615).doRetrieveMatchingFiles - Searching directory [C:\JSP\workspace\TMUHJ\target\test-classes\j\index\core\security] for files matching pattern [C:/JSP/workspace/TMUHJ/target/test-classes/j/index/**/*.class]
[2014-10-08 16:08:29,116] DEBUG (PathMatchingResourcePatternResolver.java:615).doRetrieveMatchingFiles - Searching directory [C:\JSP\workspace\TMUHJ\target\test-classes\j\index\core\security\accountNumber] for files matching pattern [C:/JSP/workspace/TMUHJ/target/test-classes/j/index/**/*.class]
[2014-10-08 16:08:29,117] DEBUG (PathMatchingResourcePatternResolver.java:615).doRetrieveMatchingFiles - Searching directory [C:\JSP\workspace\TMUHJ\target\test-classes\j\index\core\security\accountNumber\dao] for files matching pattern [C:/JSP/workspace/TMUHJ/target/test-classes/j/index/**/*.class]
[2014-10-08 16:08:29,117] DEBUG (PathMatchingResourcePatternResolver.java:615).doRetrieveMatchingFiles - Searching directory [C:\JSP\workspace\TMUHJ\target\test-classes\j\index\core\security\accountNumber\service] for files matching pattern [C:/JSP/workspace/TMUHJ/target/test-classes/j/index/**/*.class]
[2014-10-08 16:08:29,118] DEBUG (PathMatchingResourcePatternResolver.java:615).doRetrieveMatchingFiles - Searching directory [C:\JSP\workspace\TMUHJ\target\test-classes\j\index\core\util] for files matching pattern [C:/JSP/workspace/TMUHJ/target/test-classes/j/index/**/*.class]
[2014-10-08 16:08:29,118] DEBUG (PathMatchingResourcePatternResolver.java:553).doFindMatchingFileSystemResources - Looking for matching resources in directory tree [C:\JSP\workspace\TMUHJ\target\classes\j\index]
[2014-10-08 16:08:29,120] DEBUG (PathMatchingResourcePatternResolver.java:615).doRetrieveMatchingFiles - Searching directory [C:\JSP\workspace\TMUHJ\target\classes\j\index] for files matching pattern [C:/JSP/workspace/TMUHJ/target/classes/j/index/**/*.class]
[2014-10-08 16:08:29,121] DEBUG (PathMatchingResourcePatternResolver.java:615).doRetrieveMatchingFiles - Searching directory [C:\JSP\workspace\TMUHJ\target\classes\j\index\core] for files matching pattern [C:/JSP/workspace/TMUHJ/target/classes/j/index/**/*.class]
[2014-10-08 16:08:29,121] DEBUG (PathMatchingResourcePatternResolver.java:615).doRetrieveMatchingFiles - Searching directory [C:\JSP\workspace\TMUHJ\target\classes\j\index\core\converter] for files matching pattern [C:/JSP/workspace/TMUHJ/target/classes/j/index/**/*.class]
[2014-10-08 16:08:29,121] DEBUG (PathMatchingResourcePatternResolver.java:615).doRetrieveMatchingFiles - Searching directory [C:\JSP\workspace\TMUHJ\target\classes\j\index\core\dao] for files matching pattern [C:/JSP/workspace/TMUHJ/target/classes/j/index/**/*.class]
[2014-10-08 16:08:29,122] DEBUG (PathMatchingResourcePatternResolver.java:615).doRetrieveMatchingFiles - Searching directory [C:\JSP\workspace\TMUHJ\target\classes\j\index\core\entity] for files matching pattern [C:/JSP/workspace/TMUHJ/target/classes/j/index/**/*.class]
[2014-10-08 16:08:29,123] DEBUG (PathMatchingResourcePatternResolver.java:615).doRetrieveMatchingFiles - Searching directory [C:\JSP\workspace\TMUHJ\target\classes\j\index\core\enums] for files matching pattern [C:/JSP/workspace/TMUHJ/target/classes/j/index/**/*.class]
[2014-10-08 16:08:29,123] DEBUG (PathMatchingResourcePatternResolver.java:615).doRetrieveMatchingFiles - Searching directory [C:\JSP\workspace\TMUHJ\target\classes\j\index\core\exception] for files matching pattern [C:/JSP/workspace/TMUHJ/target/classes/j/index/**/*.class]
[2014-10-08 16:08:29,123] DEBUG (PathMatchingResourcePatternResolver.java:615).doRetrieveMatchingFiles - Searching directory [C:\JSP\workspace\TMUHJ\target\classes\j\index\core\interceptor] for files matching pattern [C:/JSP/workspace/TMUHJ/target/classes/j/index/**/*.class]
[2014-10-08 16:08:29,124] DEBUG (PathMatchingResourcePatternResolver.java:615).doRetrieveMatchingFiles - Searching directory [C:\JSP\workspace\TMUHJ\target\classes\j\index\core\model] for files matching pattern [C:/JSP/workspace/TMUHJ/target/classes/j/index/**/*.class]
[2014-10-08 16:08:29,124] DEBUG (PathMatchingResourcePatternResolver.java:615).doRetrieveMatchingFiles - Searching directory [C:\JSP\workspace\TMUHJ\target\classes\j\index\core\security] for files matching pattern [C:/JSP/workspace/TMUHJ/target/classes/j/index/**/*.class]
[2014-10-08 16:08:29,124] DEBUG (PathMatchingResourcePatternResolver.java:615).doRetrieveMatchingFiles - Searching directory [C:\JSP\workspace\TMUHJ\target\classes\j\index\core\security\accountNumber] for files matching pattern [C:/JSP/workspace/TMUHJ/target/classes/j/index/**/*.class]
[2014-10-08 16:08:29,125] DEBUG (PathMatchingResourcePatternResolver.java:615).doRetrieveMatchingFiles - Searching directory [C:\JSP\workspace\TMUHJ\target\classes\j\index\core\security\accountNumber\entity] for files matching pattern [C:/JSP/workspace/TMUHJ/target/classes/j/index/**/*.class]
[2014-10-08 16:08:29,125] DEBUG (PathMatchingResourcePatternResolver.java:615).doRetrieveMatchingFiles - Searching directory [C:\JSP\workspace\TMUHJ\target\classes\j\index\core\security\accountNumber\service] for files matching pattern [C:/JSP/workspace/TMUHJ/target/classes/j/index/**/*.class]
[2014-10-08 16:08:29,125] DEBUG (PathMatchingResourcePatternResolver.java:615).doRetrieveMatchingFiles - Searching directory [C:\JSP\workspace\TMUHJ\target\classes\j\index\core\service] for files matching pattern [C:/JSP/workspace/TMUHJ/target/classes/j/index/**/*.class]
[2014-10-08 16:08:29,126] DEBUG (PathMatchingResourcePatternResolver.java:615).doRetrieveMatchingFiles - Searching directory [C:\JSP\workspace\TMUHJ\target\classes\j\index\core\tag] for files matching pattern [C:/JSP/workspace/TMUHJ/target/classes/j/index/**/*.class]
[2014-10-08 16:08:29,126] DEBUG (PathMatchingResourcePatternResolver.java:615).doRetrieveMatchingFiles - Searching directory [C:\JSP\workspace\TMUHJ\target\classes\j\index\core\util] for files matching pattern [C:/JSP/workspace/TMUHJ/target/classes/j/index/**/*.class]
[2014-10-08 16:08:29,126] DEBUG (PathMatchingResourcePatternResolver.java:615).doRetrieveMatchingFiles - Searching directory [C:\JSP\workspace\TMUHJ\target\classes\j\index\core\web] for files matching pattern [C:/JSP/workspace/TMUHJ/target/classes/j/index/**/*.class]
[2014-10-08 16:08:29,127] DEBUG (PathMatchingResourcePatternResolver.java:615).doRetrieveMatchingFiles - Searching directory [C:\JSP\workspace\TMUHJ\target\classes\j\index\module] for files matching pattern [C:/JSP/workspace/TMUHJ/target/classes/j/index/**/*.class]
[2014-10-08 16:08:29,127] DEBUG (PathMatchingResourcePatternResolver.java:615).doRetrieveMatchingFiles - Searching directory [C:\JSP\workspace\TMUHJ\target\classes\j\index\module\commons] for files matching pattern [C:/JSP/workspace/TMUHJ/target/classes/j/index/**/*.class]
[2014-10-08 16:08:29,127] DEBUG (PathMatchingResourcePatternResolver.java:615).doRetrieveMatchingFiles - Searching directory [C:\JSP\workspace\TMUHJ\target\classes\j\index\module\commons\dao] for files matching pattern [C:/JSP/workspace/TMUHJ/target/classes/j/index/**/*.class]
[2014-10-08 16:08:29,128] DEBUG (PathMatchingResourcePatternResolver.java:615).doRetrieveMatchingFiles - Searching directory [C:\JSP\workspace\TMUHJ\target\classes\j\index\module\commons\web] for files matching pattern [C:/JSP/workspace/TMUHJ/target/classes/j/index/**/*.class]
[2014-10-08 16:08:29,128] DEBUG (PathMatchingResourcePatternResolver.java:615).doRetrieveMatchingFiles - Searching directory [C:\JSP\workspace\TMUHJ\target\classes\j\index\module\security] for files matching pattern [C:/JSP/workspace/TMUHJ/target/classes/j/index/**/*.class]
[2014-10-08 16:08:29,128] DEBUG (PathMatchingResourcePatternResolver.java:615).doRetrieveMatchingFiles - Searching directory [C:\JSP\workspace\TMUHJ\target\classes\j\index\module\security\web] for files matching pattern [C:/JSP/workspace/TMUHJ/target/classes/j/index/**/*.class]
[2014-10-08 16:08:29,129] DEBUG (PathMatchingResourcePatternResolver.java:615).doRetrieveMatchingFiles - Searching directory [C:\JSP\workspace\TMUHJ\target\classes\j\index\module\setting] for files matching pattern [C:/JSP/workspace/TMUHJ/target/classes/j/index/**/*.class]
[2014-10-08 16:08:29,129] DEBUG (PathMatchingResourcePatternResolver.java:615).doRetrieveMatchingFiles - Searching directory [C:\JSP\workspace\TMUHJ\target\classes\j\index\module\setting\customer] for files matching pattern [C:/JSP/workspace/TMUHJ/target/classes/j/index/**/*.class]
[2014-10-08 16:08:29,129] DEBUG (PathMatchingResourcePatternResolver.java:615).doRetrieveMatchingFiles - Searching directory [C:\JSP\workspace\TMUHJ\target\classes\j\index\module\setting\customer\entity] for files matching pattern [C:/JSP/workspace/TMUHJ/target/classes/j/index/**/*.class]
[2014-10-08 16:08:29,130] DEBUG (PathMatchingResourcePatternResolver.java:615).doRetrieveMatchingFiles - Searching directory [C:\JSP\workspace\TMUHJ\target\classes\j\index\module\setting\customer\service] for files matching pattern [C:/JSP/workspace/TMUHJ/target/classes/j/index/**/*.class]
[2014-10-08 16:08:29,130] DEBUG (PathMatchingResourcePatternResolver.java:615).doRetrieveMatchingFiles - Searching directory [C:\JSP\workspace\TMUHJ\target\classes\j\index\module\setting\database] for files matching pattern [C:/JSP/workspace/TMUHJ/target/classes/j/index/**/*.class]
[2014-10-08 16:08:29,130] DEBUG (PathMatchingResourcePatternResolver.java:615).doRetrieveMatchingFiles - Searching directory [C:\JSP\workspace\TMUHJ\target\classes\j\index\module\setting\database\entity] for files matching pattern [C:/JSP/workspace/TMUHJ/target/classes/j/index/**/*.class]
[2014-10-08 16:08:29,130] DEBUG (PathMatchingResourcePatternResolver.java:615).doRetrieveMatchingFiles - Searching directory [C:\JSP\workspace\TMUHJ\target\classes\j\index\module\setting\database\service] for files matching pattern [C:/JSP/workspace/TMUHJ/target/classes/j/index/**/*.class]
[2014-10-08 16:08:29,131] DEBUG (PathMatchingResourcePatternResolver.java:615).doRetrieveMatchingFiles - Searching directory [C:\JSP\workspace\TMUHJ\target\classes\j\index\module\setting\ebook] for files matching pattern [C:/JSP/workspace/TMUHJ/target/classes/j/index/**/*.class]
[2014-10-08 16:08:29,131] DEBUG (PathMatchingResourcePatternResolver.java:615).doRetrieveMatchingFiles - Searching directory [C:\JSP\workspace\TMUHJ\target\classes\j\index\module\setting\ebook\entity] for files matching pattern [C:/JSP/workspace/TMUHJ/target/classes/j/index/**/*.class]
[2014-10-08 16:08:29,131] DEBUG (PathMatchingResourcePatternResolver.java:615).doRetrieveMatchingFiles - Searching directory [C:\JSP\workspace\TMUHJ\target\classes\j\index\module\setting\ebook\service] for files matching pattern [C:/JSP/workspace/TMUHJ/target/classes/j/index/**/*.class]
[2014-10-08 16:08:29,132] DEBUG (PathMatchingResourcePatternResolver.java:615).doRetrieveMatchingFiles - Searching directory [C:\JSP\workspace\TMUHJ\target\classes\j\index\module\setting\journal] for files matching pattern [C:/JSP/workspace/TMUHJ/target/classes/j/index/**/*.class]
[2014-10-08 16:08:29,132] DEBUG (PathMatchingResourcePatternResolver.java:615).doRetrieveMatchingFiles - Searching directory [C:\JSP\workspace\TMUHJ\target\classes\j\index\module\setting\journal\entity] for files matching pattern [C:/JSP/workspace/TMUHJ/target/classes/j/index/**/*.class]
[2014-10-08 16:08:29,133] DEBUG (PathMatchingResourcePatternResolver.java:615).doRetrieveMatchingFiles - Searching directory [C:\JSP\workspace\TMUHJ\target\classes\j\index\module\setting\journal\service] for files matching pattern [C:/JSP/workspace/TMUHJ/target/classes/j/index/**/*.class]
[2014-10-08 16:08:29,133] DEBUG (PathMatchingResourcePatternResolver.java:615).doRetrieveMatchingFiles - Searching directory [C:\JSP\workspace\TMUHJ\target\classes\j\index\module\setting\search] for files matching pattern [C:/JSP/workspace/TMUHJ/target/classes/j/index/**/*.class]
[2014-10-08 16:08:29,133] DEBUG (PathMatchingResourcePatternResolver.java:615).doRetrieveMatchingFiles - Searching directory [C:\JSP\workspace\TMUHJ\target\classes\j\index\module\setting\search\entity] for files matching pattern [C:/JSP/workspace/TMUHJ/target/classes/j/index/**/*.class]
[2014-10-08 16:08:29,134] DEBUG (PathMatchingResourcePatternResolver.java:615).doRetrieveMatchingFiles - Searching directory [C:\JSP\workspace\TMUHJ\target\classes\j\index\module\setting\search\service] for files matching pattern [C:/JSP/workspace/TMUHJ/target/classes/j/index/**/*.class]
[2014-10-08 16:08:29,135] DEBUG (PathMatchingResourcePatternResolver.java:354).findPathMatchingResources - Resolved location pattern [classpath*:j/index/**/*.class] to resources [file [C:\JSP\workspace\TMUHJ\target\test-classes\j\index\core\GenericTest.class], file [C:\JSP\workspace\TMUHJ\target\test-classes\j\index\core\JUnit4ClassRunner.class], file [C:\JSP\workspace\TMUHJ\target\test-classes\j\index\core\security\accountNumber\dao\SecUserDaoTest.class], file [C:\JSP\workspace\TMUHJ\target\test-classes\j\index\core\security\accountNumber\service\SecUserServiceTest.class], file [C:\JSP\workspace\TMUHJ\target\test-classes\j\index\core\util\EncryptorUtilTest.class], file [C:\JSP\workspace\TMUHJ\target\classes\j\index\core\converter\JodaTimeConverter.class], file [C:\JSP\workspace\TMUHJ\target\classes\j\index\core\dao\Dao.class], file [C:\JSP\workspace\TMUHJ\target\classes\j\index\core\dao\GenericDao.class], file [C:\JSP\workspace\TMUHJ\target\classes\j\index\core\dao\GenericHibernateDao.class], file [C:\JSP\workspace\TMUHJ\target\classes\j\index\core\dao\HibernateQueryLanguage.class], file [C:\JSP\workspace\TMUHJ\target\classes\j\index\core\dao\HibernateRestrictions.class], file [C:\JSP\workspace\TMUHJ\target\classes\j\index\core\dao\IiiQueryLanguage.class], file [C:\JSP\workspace\TMUHJ\target\classes\j\index\core\dao\IiiRestrictions.class], file [C:\JSP\workspace\TMUHJ\target\classes\j\index\core\entity\Entity.class], file [C:\JSP\workspace\TMUHJ\target\classes\j\index\core\entity\GenericEntity.class], file [C:\JSP\workspace\TMUHJ\target\classes\j\index\core\enums\Role.class], file [C:\JSP\workspace\TMUHJ\target\classes\j\index\core\enums\Status.class], file [C:\JSP\workspace\TMUHJ\target\classes\j\index\core\exception\BaseException.class], file [C:\JSP\workspace\TMUHJ\target\classes\j\index\core\interceptor\LoginSessionInterceptor.class], file [C:\JSP\workspace\TMUHJ\target\classes\j\index\core\model\DataSet.class], file [C:\JSP\workspace\TMUHJ\target\classes\j\index\core\model\FormModel.class], file [C:\JSP\workspace\TMUHJ\target\classes\j\index\core\model\Pager.class], file [C:\JSP\workspace\TMUHJ\target\classes\j\index\core\security\accountNumber\entity\AccountNumber.class], file [C:\JSP\workspace\TMUHJ\target\classes\j\index\core\security\accountNumber\entity\AccountNumberDao.class], file [C:\JSP\workspace\TMUHJ\target\classes\j\index\core\security\accountNumber\service\AccountNumberAction.class], file [C:\JSP\workspace\TMUHJ\target\classes\j\index\core\security\accountNumber\service\AccountNumberService.class], file [C:\JSP\workspace\TMUHJ\target\classes\j\index\core\service\CRUDService.class], file [C:\JSP\workspace\TMUHJ\target\classes\j\index\core\service\GenericService.class], file [C:\JSP\workspace\TMUHJ\target\classes\j\index\core\service\Service.class], file [C:\JSP\workspace\TMUHJ\target\classes\j\index\core\tag\BodyTag.class], file [C:\JSP\workspace\TMUHJ\target\classes\j\index\core\util\CharConstant.class], file [C:\JSP\workspace\TMUHJ\target\classes\j\index\core\util\EncryptorUtil.class], file [C:\JSP\workspace\TMUHJ\target\classes\j\index\core\util\IiiBeanFactory.class], file [C:\JSP\workspace\TMUHJ\target\classes\j\index\core\web\Action.class], file [C:\JSP\workspace\TMUHJ\target\classes\j\index\core\web\GenericAction.class], file [C:\JSP\workspace\TMUHJ\target\classes\j\index\core\web\GenericCRUDAction.class], file [C:\JSP\workspace\TMUHJ\target\classes\j\index\core\web\GenericWebAction.class], file [C:\JSP\workspace\TMUHJ\target\classes\j\index\module\commons\dao\ModuleDao.class], file [C:\JSP\workspace\TMUHJ\target\classes\j\index\module\commons\web\CommonPageAction.class], file [C:\JSP\workspace\TMUHJ\target\classes\j\index\module\security\web\AuthorizationAction.class], file [C:\JSP\workspace\TMUHJ\target\classes\j\index\module\setting\customer\entity\Customer.class], file [C:\JSP\workspace\TMUHJ\target\classes\j\index\module\setting\customer\entity\CustomerDao.class], file [C:\JSP\workspace\TMUHJ\target\classes\j\index\module\setting\customer\service\CustomerAction.class], file [C:\JSP\workspace\TMUHJ\target\classes\j\index\module\setting\customer\service\CustomerService.class], file [C:\JSP\workspace\TMUHJ\target\classes\j\index\module\setting\database\entity\Database.class], file [C:\JSP\workspace\TMUHJ\target\classes\j\index\module\setting\database\entity\DatabaseDao.class], file [C:\JSP\workspace\TMUHJ\target\classes\j\index\module\setting\database\service\DatabaseAction.class], file [C:\JSP\workspace\TMUHJ\target\classes\j\index\module\setting\database\service\DatabaseService.class], file [C:\JSP\workspace\TMUHJ\target\classes\j\index\module\setting\ebook\entity\Ebook.class], file [C:\JSP\workspace\TMUHJ\target\classes\j\index\module\setting\ebook\entity\EbookDao.class], file [C:\JSP\workspace\TMUHJ\target\classes\j\index\module\setting\ebook\service\EbookAction.class], file [C:\JSP\workspace\TMUHJ\target\classes\j\index\module\setting\ebook\service\EbookService.class], file [C:\JSP\workspace\TMUHJ\target\classes\j\index\module\setting\ebook\service\test.class], file [C:\JSP\workspace\TMUHJ\target\classes\j\index\module\setting\journal\entity\Journal.class], file [C:\JSP\workspace\TMUHJ\target\classes\j\index\module\setting\journal\entity\JournalDao.class], file [C:\JSP\workspace\TMUHJ\target\classes\j\index\module\setting\journal\service\JournalAction.class], file [C:\JSP\workspace\TMUHJ\target\classes\j\index\module\setting\journal\service\JournalService.class], file [C:\JSP\workspace\TMUHJ\target\classes\j\index\module\setting\search\entity\Search.class], file [C:\JSP\workspace\TMUHJ\target\classes\j\index\module\setting\search\entity\SearchDao.class], file [C:\JSP\workspace\TMUHJ\target\classes\j\index\module\setting\search\service\SearchAction.class], file [C:\JSP\workspace\TMUHJ\target\classes\j\index\module\setting\search\service\SearchService.class]]
[2014-10-08 16:08:29,143] DEBUG (ClassPathScanningCandidateComponentProvider.java:284).findCandidateComponents - Identified candidate component class: file [C:\JSP\workspace\TMUHJ\target\classes\j\index\core\security\accountNumber\service\AccountNumberService.class]
[2014-10-08 16:08:29,146] DEBUG (ClassPathScanningCandidateComponentProvider.java:284).findCandidateComponents - Identified candidate component class: file [C:\JSP\workspace\TMUHJ\target\classes\j\index\module\setting\customer\service\CustomerService.class]
[2014-10-08 16:08:29,149] DEBUG (ClassPathScanningCandidateComponentProvider.java:284).findCandidateComponents - Identified candidate component class: file [C:\JSP\workspace\TMUHJ\target\classes\j\index\module\setting\database\service\DatabaseService.class]
[2014-10-08 16:08:29,151] DEBUG (ClassPathScanningCandidateComponentProvider.java:284).findCandidateComponents - Identified candidate component class: file [C:\JSP\workspace\TMUHJ\target\classes\j\index\module\setting\ebook\service\EbookService.class]
[2014-10-08 16:08:29,152] DEBUG (ClassPathScanningCandidateComponentProvider.java:284).findCandidateComponents - Identified candidate component class: file [C:\JSP\workspace\TMUHJ\target\classes\j\index\module\setting\journal\service\JournalService.class]
[2014-10-08 16:08:29,154] DEBUG (ClassPathScanningCandidateComponentProvider.java:284).findCandidateComponents - Identified candidate component class: file [C:\JSP\workspace\TMUHJ\target\classes\j\index\module\setting\search\service\SearchService.class]
[2014-10-08 16:08:29,172] DEBUG (AbstractBeanDefinitionReader.java:223).loadBeanDefinitions - Loaded 5 bean definitions from location pattern [classpath:config/spring-service.xml]
[2014-10-08 16:08:29,173] INFO  (XmlBeanDefinitionReader.java:316).loadBeanDefinitions - Loading XML bean definitions from class path resource [config/spring-database.xml]
[2014-10-08 16:08:29,174] DEBUG (DefaultDocumentLoader.java:73).loadDocument - Using JAXP provider [com.sun.org.apache.xerces.internal.jaxp.DocumentBuilderFactoryImpl]
[2014-10-08 16:08:29,175] DEBUG (PluggableSchemaResolver.java:119).resolveEntity - Found XML schema [http://www.springframework.org/schema/beans/spring-beans.xsd] in classpath: org/springframework/beans/factory/xml/spring-beans-4.0.xsd
[2014-10-08 16:08:29,182] DEBUG (PluggableSchemaResolver.java:119).resolveEntity - Found XML schema [http://www.springframework.org/schema/context/spring-context.xsd] in classpath: org/springframework/context/config/spring-context-4.0.xsd
[2014-10-08 16:08:29,183] DEBUG (PluggableSchemaResolver.java:119).resolveEntity - Found XML schema [http://www.springframework.org/schema/tool/spring-tool-4.0.xsd] in classpath: org/springframework/beans/factory/xml/spring-tool-4.0.xsd
[2014-10-08 16:08:29,189] DEBUG (PluggableSchemaResolver.java:119).resolveEntity - Found XML schema [http://www.springframework.org/schema/jdbc/spring-jdbc.xsd] in classpath: org/springframework/jdbc/config/spring-jdbc-4.0.xsd
[2014-10-08 16:08:29,191] DEBUG (DefaultBeanDefinitionDocumentReader.java:108).registerBeanDefinitions - Loading bean definitions
[2014-10-08 16:08:29,192] DEBUG (PathMatchingResourcePatternResolver.java:553).doFindMatchingFileSystemResources - Looking for matching resources in directory tree [C:\JSP\workspace\TMUHJ\target\test-classes\j\index]
[2014-10-08 16:08:29,192] DEBUG (PathMatchingResourcePatternResolver.java:615).doRetrieveMatchingFiles - Searching directory [C:\JSP\workspace\TMUHJ\target\test-classes\j\index] for files matching pattern [C:/JSP/workspace/TMUHJ/target/test-classes/j/index/**/*.class]
[2014-10-08 16:08:29,192] DEBUG (PathMatchingResourcePatternResolver.java:615).doRetrieveMatchingFiles - Searching directory [C:\JSP\workspace\TMUHJ\target\test-classes\j\index\core] for files matching pattern [C:/JSP/workspace/TMUHJ/target/test-classes/j/index/**/*.class]
[2014-10-08 16:08:29,192] DEBUG (PathMatchingResourcePatternResolver.java:615).doRetrieveMatchingFiles - Searching directory [C:\JSP\workspace\TMUHJ\target\test-classes\j\index\core\security] for files matching pattern [C:/JSP/workspace/TMUHJ/target/test-classes/j/index/**/*.class]
[2014-10-08 16:08:29,193] DEBUG (PathMatchingResourcePatternResolver.java:615).doRetrieveMatchingFiles - Searching directory [C:\JSP\workspace\TMUHJ\target\test-classes\j\index\core\security\accountNumber] for files matching pattern [C:/JSP/workspace/TMUHJ/target/test-classes/j/index/**/*.class]
[2014-10-08 16:08:29,193] DEBUG (PathMatchingResourcePatternResolver.java:615).doRetrieveMatchingFiles - Searching directory [C:\JSP\workspace\TMUHJ\target\test-classes\j\index\core\security\accountNumber\dao] for files matching pattern [C:/JSP/workspace/TMUHJ/target/test-classes/j/index/**/*.class]
[2014-10-08 16:08:29,193] DEBUG (PathMatchingResourcePatternResolver.java:615).doRetrieveMatchingFiles - Searching directory [C:\JSP\workspace\TMUHJ\target\test-classes\j\index\core\security\accountNumber\service] for files matching pattern [C:/JSP/workspace/TMUHJ/target/test-classes/j/index/**/*.class]
[2014-10-08 16:08:29,194] DEBUG (PathMatchingResourcePatternResolver.java:615).doRetrieveMatchingFiles - Searching directory [C:\JSP\workspace\TMUHJ\target\test-classes\j\index\core\util] for files matching pattern [C:/JSP/workspace/TMUHJ/target/test-classes/j/index/**/*.class]
[...]
[2014-10-08 16:08:30,523] DEBUG (AbstractBeanFactory.java:249).doGetBean - Returning cached instance of singleton bean &apos;org.springframework.aop.support.DefaultBeanFactoryPointcutAdvisor#0&apos;
[2014-10-08 16:08:30,523] DEBUG (AbstractBeanFactory.java:249).doGetBean - Returning cached instance of singleton bean &apos;org.springframework.aop.support.DefaultBeanFactoryPointcutAdvisor#0&apos;
[2014-10-08 16:08:30,525] DEBUG (AbstractAutowireCapableBeanFactory.java:477).createBean - Finished creating instance of bean &apos;systemConfigurer&apos;
[2014-10-08 16:08:30,525] DEBUG (AbstractBeanFactory.java:249).doGetBean - Returning cached instance of singleton bean &apos;org.springframework.context.support.PropertySourcesPlaceholderConfigurer#0&apos;
[2014-10-08 16:08:30,525] DEBUG (AbstractBeanFactory.java:249).doGetBean - Returning cached instance of singleton bean &apos;transactionManager&apos;
[2014-10-08 16:08:30,525] DEBUG (AbstractBeanFactory.java:249).doGetBean - Returning cached instance of singleton bean &apos;org.springframework.aop.config.internalAutoProxyCreator&apos;
[2014-10-08 16:08:30,526] DEBUG (AbstractBeanFactory.java:249).doGetBean - Returning cached instance of singleton bean &apos;txAdvice&apos;
[2014-10-08 16:08:30,526] DEBUG (AbstractBeanFactory.java:249).doGetBean - Returning cached instance of singleton bean &apos;org.springframework.aop.support.DefaultBeanFactoryPointcutAdvisor#0&apos;
[2014-10-08 16:08:30,526] DEBUG (AbstractBeanFactory.java:249).doGetBean - Returning cached instance of singleton bean &apos;dataSource&apos;
[2014-10-08 16:08:30,526] DEBUG (AbstractBeanFactory.java:249).doGetBean - Returning cached instance of singleton bean &apos;sessionFactory&apos;
[2014-10-08 16:08:30,526] DEBUG (DefaultSingletonBeanRegistry.java:220).getSingleton - Creating shared instance of singleton bean &apos;org.springframework.jdbc.datasource.init.DataSourceInitializer#0&apos;
[2014-10-08 16:08:30,526] DEBUG (AbstractAutowireCapableBeanFactory.java:449).createBean - Creating instance of bean &apos;org.springframework.jdbc.datasource.init.DataSourceInitializer#0&apos;
[2014-10-08 16:08:30,526] DEBUG (AbstractBeanFactory.java:249).doGetBean - Returning cached instance of singleton bean &apos;org.springframework.aop.support.DefaultBeanFactoryPointcutAdvisor#0&apos;
[2014-10-08 16:08:30,526] DEBUG (AbstractAutowireCapableBeanFactory.java:523).doCreateBean - Eagerly caching bean &apos;org.springframework.jdbc.datasource.init.DataSourceInitializer#0&apos; to allow for resolving potential circular references
[2014-10-08 16:08:30,528] DEBUG (AbstractBeanFactory.java:249).doGetBean - Returning cached instance of singleton bean &apos;dataSource&apos;
[2014-10-08 16:08:30,528] DEBUG (AbstractAutowireCapableBeanFactory.java:449).createBean - Creating instance of bean &apos;(inner bean)#1&apos;
[2014-10-08 16:08:30,528] DEBUG (AbstractBeanFactory.java:249).doGetBean - Returning cached instance of singleton bean &apos;org.springframework.aop.support.DefaultBeanFactoryPointcutAdvisor#0&apos;
[2014-10-08 16:08:30,530] DEBUG (AbstractAutowireCapableBeanFactory.java:449).createBean - Creating instance of bean &apos;(inner bean)#2&apos;
[2014-10-08 16:08:30,530] DEBUG (AbstractBeanFactory.java:249).doGetBean - Returning cached instance of singleton bean &apos;org.springframework.aop.support.DefaultBeanFactoryPointcutAdvisor#0&apos;
[2014-10-08 16:08:30,532] DEBUG (AbstractAutowireCapableBeanFactory.java:449).createBean - Creating instance of bean &apos;(inner bean)#3&apos;
[2014-10-08 16:08:30,532] DEBUG (AbstractBeanFactory.java:249).doGetBean - Returning cached instance of singleton bean &apos;org.springframework.aop.support.DefaultBeanFactoryPointcutAdvisor#0&apos;
[2014-10-08 16:08:30,536] DEBUG (BeanUtils.java:441).findEditorByConvention - No property editor [org.springframework.core.io.ResourceLoaderEditor] found for type org.springframework.core.io.ResourceLoader according to &apos;Editor&apos; suffix convention
[2014-10-08 16:08:30,541] DEBUG (AbstractAutowireCapableBeanFactory.java:1595).invokeInitMethods - Invoking afterPropertiesSet() on bean with name &apos;(inner bean)#3&apos;
[2014-10-08 16:08:30,542] DEBUG (AbstractBeanFactory.java:249).doGetBean - Returning cached instance of singleton bean &apos;org.springframework.aop.support.DefaultBeanFactoryPointcutAdvisor#0&apos;
[2014-10-08 16:08:30,542] DEBUG (AbstractBeanFactory.java:249).doGetBean - Returning cached instance of singleton bean &apos;org.springframework.aop.support.DefaultBeanFactoryPointcutAdvisor#0&apos;
[2014-10-08 16:08:30,545] DEBUG (AbstractAutowireCapableBeanFactory.java:477).createBean - Finished creating instance of bean &apos;(inner bean)#3&apos;
[2014-10-08 16:08:30,545] DEBUG (AbstractBeanFactory.java:249).doGetBean - Returning cached instance of singleton bean &apos;org.springframework.aop.support.DefaultBeanFactoryPointcutAdvisor#0&apos;
[2014-10-08 16:08:30,546] DEBUG (AbstractBeanFactory.java:249).doGetBean - Returning cached instance of singleton bean &apos;org.springframework.aop.support.DefaultBeanFactoryPointcutAdvisor#0&apos;
[2014-10-08 16:08:30,546] DEBUG (AbstractBeanFactory.java:249).doGetBean - Returning cached instance of singleton bean &apos;org.springframework.aop.support.DefaultBeanFactoryPointcutAdvisor#0&apos;
[2014-10-08 16:08:30,546] DEBUG (AbstractBeanFactory.java:249).doGetBean - Returning cached instance of singleton bean &apos;org.springframework.aop.support.DefaultBeanFactoryPointcutAdvisor#0&apos;
[2014-10-08 16:08:30,547] DEBUG (AbstractAutowireCapableBeanFactory.java:477).createBean - Finished creating instance of bean &apos;(inner bean)#2&apos;
[2014-10-08 16:08:30,547] DEBUG (AbstractBeanFactory.java:249).doGetBean - Returning cached instance of singleton bean &apos;org.springframework.aop.support.DefaultBeanFactoryPointcutAdvisor#0&apos;
[2014-10-08 16:08:30,547] DEBUG (AbstractBeanFactory.java:249).doGetBean - Returning cached instance of singleton bean &apos;org.springframework.aop.support.DefaultBeanFactoryPointcutAdvisor#0&apos;
[2014-10-08 16:08:30,550] DEBUG (AbstractAutowireCapableBeanFactory.java:477).createBean - Finished creating instance of bean &apos;(inner bean)#1&apos;
[2014-10-08 16:08:30,550] DEBUG (AbstractAutowireCapableBeanFactory.java:449).createBean - Creating instance of bean &apos;(inner bean)#4&apos;
[2014-10-08 16:08:30,550] DEBUG (AbstractBeanFactory.java:249).doGetBean - Returning cached instance of singleton bean &apos;org.springframework.aop.support.DefaultBeanFactoryPointcutAdvisor#0&apos;
[2014-10-08 16:08:30,550] DEBUG (AbstractBeanFactory.java:249).doGetBean - Returning cached instance of singleton bean &apos;org.springframework.aop.support.DefaultBeanFactoryPointcutAdvisor#0&apos;
[2014-10-08 16:08:30,550] DEBUG (AbstractBeanFactory.java:249).doGetBean - Returning cached instance of singleton bean &apos;org.springframework.aop.support.DefaultBeanFactoryPointcutAdvisor#0&apos;
[2014-10-08 16:08:30,551] DEBUG (AbstractAutowireCapableBeanFactory.java:477).createBean - Finished creating instance of bean &apos;(inner bean)#4&apos;
[2014-10-08 16:08:30,551] DEBUG (AbstractAutowireCapableBeanFactory.java:1595).invokeInitMethods - Invoking afterPropertiesSet() on bean with name &apos;org.springframework.jdbc.datasource.init.DataSourceInitializer#0&apos;
[2014-10-08 16:08:30,554] DEBUG (DataSourceUtils.java:110).doGetConnection - Fetching JDBC Connection from DataSource
[2014-10-08 16:08:30,555] DEBUG (DefaultSingletonBeanRegistry.java:530).destroyBean - Retrieved dependent beans for bean &apos;(inner bean)#1&apos;: [org.springframework.jdbc.datasource.init.DataSourceInitializer#0]
[2014-10-08 16:08:30,559] DEBUG (DefaultSingletonBeanRegistry.java:530).destroyBean - Retrieved dependent beans for bean &apos;(inner bean)#2&apos;: [(inner bean)#1]
[2014-10-08 16:08:30,559] DEBUG (DefaultSingletonBeanRegistry.java:530).destroyBean - Retrieved dependent beans for bean &apos;(inner bean)#3&apos;: [(inner bean)#2]
[2014-10-08 16:08:30,560] DEBUG (DisposableBeanAdapter.java:244).destroy - Invoking destroy() on bean with name &apos;(inner bean)#3&apos;
[2014-10-08 16:08:30,560] DEBUG (DefaultSingletonBeanRegistry.java:474).destroySingletons - Destroying singletons in org.springframework.beans.factory.support.DefaultListableBeanFactory@364879: defining beans [org.springframework.context.annotation.internalConfigurationAnnotationProcessor,org.springframework.context.annotation.internalAutowiredAnnotationProcessor,org.springframework.context.annotation.internalRequiredAnnotationProcessor,org.springframework.context.annotation.internalCommonAnnotationProcessor,org.springframework.context.annotation.internalPersistenceAnnotationProcessor,dataSet,pager,accountNumber,accountNumberDao,accountNumberAction,accountNumberService,commonPageAction,authorizationAction,customer,customerDao,customerAction,customerService,database,databaseDao,databaseAction,databaseService,ebook,ebookDao,ebookAction,ebookService,journal,journalDao,journalAction,journalService,search,searchDao,searchAction,searchService,systemConfigurer,org.springframework.context.support.PropertySourcesPlaceholderConfigurer#0,transactionManager,org.springframework.aop.config.internalAutoProxyCreator,txAdvice,serviceOperation,org.springframework.aop.support.DefaultBeanFactoryPointcutAdvisor#0,dataSource,sessionFactory,org.springframework.jdbc.datasource.init.DataSourceInitializer#0,org.springframework.context.annotation.ConfigurationClassPostProcessor.importAwareProcessor,org.springframework.context.annotation.ConfigurationClassPostProcessor.enhancedConfigurationProcessor]; root of factory hierarchy
[2014-10-08 16:08:30,560] DEBUG (DefaultSingletonBeanRegistry.java:530).destroyBean - Retrieved dependent beans for bean &apos;(inner bean)&apos;: [txAdvice]
[2014-10-08 16:08:30,560] DEBUG (DisposableBeanAdapter.java:244).destroy - Invoking destroy() on bean with name &apos;sessionFactory&apos;
[2014-10-08 16:08:30,561] DEBUG (DisposableBeanAdapter.java:322).invokeCustomDestroyMethod - Invoking destroy method &apos;close&apos; on bean with name &apos;dataSource&apos;
[2014-10-08 16:08:30,561] ERROR (TestContextManager.java:322).prepareTestInstance - Caught exception while allowing TestExecutionListener [org.springframework.test.context.support.DependencyInjectionTestExecutionListener@1d5ab30] to prepare test instance [j.index.core.security.accountNumber.dao.SecUserDaoTest@1431028]
java.lang.IllegalStateException: Failed to load ApplicationContext
	at org.springframework.test.context.CacheAwareContextLoaderDelegate.loadContext(CacheAwareContextLoaderDelegate.java:99)
	at org.springframework.test.context.DefaultTestContext.getApplicationContext(DefaultTestContext.java:101)
	at org.springframework.test.context.support.DependencyInjectionTestExecutionListener.injectDependencies(DependencyInjectionTestExecutionListener.java:109)
	at org.springframework.test.context.support.DependencyInjectionTestExecutionListener.prepareTestInstance(DependencyInjectionTestExecutionListener.java:75)
	at org.springframework.test.context.TestContextManager.prepareTestInstance(TestContextManager.java:319)
	at org.springframework.test.context.junit4.SpringJUnit4ClassRunner.createTest(SpringJUnit4ClassRunner.java:212)
	at org.springframework.test.context.junit4.SpringJUnit4ClassRunner$1.runReflectiveCall(SpringJUnit4ClassRunner.java:289)
	at org.junit.internal.runners.model.ReflectiveCallable.run(ReflectiveCallable.java:12)
	at org.springframework.test.context.junit4.SpringJUnit4ClassRunner.methodBlock(SpringJUnit4ClassRunner.java:291)
	at org.springframework.test.context.junit4.SpringJUnit4ClassRunner.runChild(SpringJUnit4ClassRunner.java:232)
	at org.springframework.test.context.junit4.SpringJUnit4ClassRunner.runChild(SpringJUnit4ClassRunner.java:89)
	at org.junit.runners.ParentRunner$3.run(ParentRunner.java:238)
	at org.junit.runners.ParentRunner$1.schedule(ParentRunner.java:63)
	at org.junit.runners.ParentRunner.runChildren(ParentRunner.java:236)
	at org.junit.runners.ParentRunner.access$000(ParentRunner.java:53)
	at org.junit.runners.ParentRunner$2.evaluate(ParentRunner.java:229)
	at org.springframework.test.context.junit4.statements.RunBeforeTestClassCallbacks.evaluate(RunBeforeTestClassCallbacks.java:61)
	at org.springframework.test.context.junit4.statements.RunAfterTestClassCallbacks.evaluate(RunAfterTestClassCallbacks.java:71)
	at org.junit.runners.ParentRunner.run(ParentRunner.java:309)
	at org.springframework.test.context.junit4.SpringJUnit4ClassRunner.run(SpringJUnit4ClassRunner.java:175)
	at org.apache.maven.surefire.junit4.JUnit4TestSet.execute(JUnit4TestSet.java:53)
	at org.apache.maven.surefire.junit4.JUnit4Provider.executeTestSet(JUnit4Provider.java:123)
	at org.apache.maven.surefire.junit4.JUnit4Provider.invoke(JUnit4Provider.java:104)
	at sun.reflect.NativeMethodAccessorImpl.invoke0(Native Method)
	at sun.reflect.NativeMethodAccessorImpl.invoke(Unknown Source)
	at sun.reflect.DelegatingMethodAccessorImpl.invoke(Unknown Source)
	at java.lang.reflect.Method.invoke(Unknown Source)
	at org.apache.maven.surefire.util.ReflectionUtils.invokeMethodWithArray(ReflectionUtils.java:164)
	at org.apache.maven.surefire.booter.ProviderFactory$ProviderProxy.invoke(ProviderFactory.java:110)
	at org.apache.maven.surefire.booter.SurefireStarter.invokeProvider(SurefireStarter.java:175)
	at org.apache.maven.surefire.booter.SurefireStarter.runSuitesInProcessWhenForked(SurefireStarter.java:107)
	at org.apache.maven.surefire.booter.ForkedBooter.main(ForkedBooter.java:68)
Caused by: org.springframework.beans.factory.BeanCreationException: Error creating bean with name &apos;org.springframework.jdbc.datasource.init.DataSourceInitializer#0&apos;: Invocation of init method failed; nested exception is org.springframework.dao.DataAccessResourceFailureException: Failed to execute database script; nested exception is org.springframework.jdbc.CannotGetJdbcConnectionException: Could not get JDBC Connection; nested exception is java.sql.SQLSyntaxErrorException: You have an error in your SQL syntax; check the manual that corresponds to your MariaDB server version for the right syntax to use near &apos;index&apos; at line 1
	at org.springframework.beans.factory.support.AbstractAutowireCapableBeanFactory.initializeBean(AbstractAutowireCapableBeanFactory.java:1553)
	at org.springframework.beans.factory.support.AbstractAutowireCapableBeanFactory.doCreateBean(AbstractAutowireCapableBeanFactory.java:539)
	at org.springframework.beans.factory.support.AbstractAutowireCapableBeanFactory.createBean(AbstractAutowireCapableBeanFactory.java:475)
	at org.springframework.beans.factory.support.AbstractBeanFactory$1.getObject(AbstractBeanFactory.java:304)
	at org.springframework.beans.factory.support.DefaultSingletonBeanRegistry.getSingleton(DefaultSingletonBeanRegistry.java:228)
	at org.springframework.beans.factory.support.AbstractBeanFactory.doGetBean(AbstractBeanFactory.java:300)
	at org.springframework.beans.factory.support.AbstractBeanFactory.getBean(AbstractBeanFactory.java:195)
	at org.springframework.beans.factory.support.DefaultListableBeanFactory.preInstantiateSingletons(DefaultListableBeanFactory.java:700)
	at org.springframework.context.support.AbstractApplicationContext.finishBeanFactoryInitialization(AbstractApplicationContext.java:760)
	at org.springframework.context.support.AbstractApplicationContext.refresh(AbstractApplicationContext.java:482)
	at org.springframework.test.context.support.AbstractGenericContextLoader.loadContext(AbstractGenericContextLoader.java:121)
	at org.springframework.test.context.support.AbstractGenericContextLoader.loadContext(AbstractGenericContextLoader.java:60)
	at org.springframework.test.context.support.AbstractDelegatingSmartContextLoader.delegateLoading(AbstractDelegatingSmartContextLoader.java:100)
	at org.springframework.test.context.support.AbstractDelegatingSmartContextLoader.loadContext(AbstractDelegatingSmartContextLoader.java:250)
	at org.springframework.test.context.CacheAwareContextLoaderDelegate.loadContextInternal(CacheAwareContextLoaderDelegate.java:64)
	at org.springframework.test.context.CacheAwareContextLoaderDelegate.loadContext(CacheAwareContextLoaderDelegate.java:91)
	... 31 more
Caused by: org.springframework.dao.DataAccessResourceFailureException: Failed to execute database script; nested exception is org.springframework.jdbc.CannotGetJdbcConnectionException: Could not get JDBC Connection; nested exception is java.sql.SQLSyntaxErrorException: You have an error in your SQL syntax; check the manual that corresponds to your MariaDB server version for the right syntax to use near &apos;index&apos; at line 1
	at org.springframework.jdbc.datasource.init.DatabasePopulatorUtils.execute(DatabasePopulatorUtils.java:56)
	at org.springframework.jdbc.datasource.init.DataSourceInitializer.afterPropertiesSet(DataSourceInitializer.java:84)
	at org.springframework.beans.factory.support.AbstractAutowireCapableBeanFactory.invokeInitMethods(AbstractAutowireCapableBeanFactory.java:1612)
	at org.springframework.beans.factory.support.AbstractAutowireCapableBeanFactory.initializeBean(AbstractAutowireCapableBeanFactory.java:1549)
	... 46 more
Caused by: org.springframework.jdbc.CannotGetJdbcConnectionException: Could not get JDBC Connection; nested exception is java.sql.SQLSyntaxErrorException: You have an error in your SQL syntax; check the manual that corresponds to your MariaDB server version for the right syntax to use near &apos;index&apos; at line 1
	at org.springframework.jdbc.datasource.DataSourceUtils.getConnection(DataSourceUtils.java:80)
	at org.springframework.jdbc.datasource.init.DatabasePopulatorUtils.execute(DatabasePopulatorUtils.java:45)
	... 49 more
Caused by: java.sql.SQLSyntaxErrorException: You have an error in your SQL syntax; check the manual that corresponds to your MariaDB server version for the right syntax to use near &apos;index&apos; at line 1
	at org.mariadb.jdbc.internal.SQLExceptionMapper.get(SQLExceptionMapper.java:138)
	at org.mariadb.jdbc.internal.SQLExceptionMapper.throwException(SQLExceptionMapper.java:106)
	at org.mariadb.jdbc.Driver.connect(Driver.java:114)
	at org.apache.commons.dbcp.DriverConnectionFactory.createConnection(DriverConnectionFactory.java:82)
	at org.apache.commons.dbcp.PoolableConnectionFactory.makeObject(PoolableConnectionFactory.java:256)
	at org.apache.commons.pool.impl.GenericObjectPool.borrowObject(GenericObjectPool.java:816)
	at org.apache.commons.dbcp.PoolingDataSource.getConnection(PoolingDataSource.java:115)
	at org.apache.commons.dbcp.BasicDataSource.getConnection(BasicDataSource.java:430)
	at org.springframework.jdbc.datasource.DataSourceUtils.doGetConnection(DataSourceUtils.java:111)
	at org.springframework.jdbc.datasource.DataSourceUtils.getConnection(DataSourceUtils.java:77)
	... 50 more
Caused by: org.mariadb.jdbc.internal.common.QueryException: You have an error in your SQL syntax; check the manual that corresponds to your MariaDB server version for the right syntax to use near &apos;index&apos; at line 1
	at org.mariadb.jdbc.internal.mysql.MySQLProtocol.getResult(MySQLProtocol.java:942)
	at org.mariadb.jdbc.internal.mysql.MySQLProtocol.executeQuery(MySQLProtocol.java:991)
	at org.mariadb.jdbc.internal.mysql.MySQLProtocol.executeQuery(MySQLProtocol.java:886)
	at org.mariadb.jdbc.internal.mysql.MySQLProtocol.connect(MySQLProtocol.java:504)
	at org.mariadb.jdbc.internal.mysql.MySQLProtocol.connect(MySQLProtocol.java:673)
	at org.mariadb.jdbc.internal.mysql.MySQLProtocol.&lt;init&gt;(MySQLProtocol.java:266)
	at org.mariadb.jdbc.Driver.connect(Driver.java:110)
	... 57 more
</system-out>
  </testcase>
</testsuite>